# JRE version: Java(TM) SE Runtime Environment (7.0_80-b15) (build 1.7.0_80-b15)
# Java VM: Java HotSpot(TM) 64-Bit Server VM (24.80-b11 mixed mode windows-amd64 compressed oops)
Heap
 PSYoungGen      total 60416K, used 9475K [0x00000007d6000000, 0x00000007dfe00000, 0x0000000800000000)
  eden space 55296K, 7% used [0x00000007d6000000,0x00000007d6444c20,0x00000007d9600000)
  from space 5120K, 99% used [0x00000007da500000,0x00000007da9fc020,0x00000007daa00000)
  to   space 15360K, 0% used [0x00000007d9600000,0x00000007d9600000,0x00000007da500000)
 ParOldGen       total 86016K, used 24596K [0x0000000782000000, 0x0000000787400000, 0x00000007d6000000)
  object space 86016K, 28% used [0x0000000782000000,0x0000000783805260,0x0000000787400000)
 PSPermGen       total 25088K, used 24967K [0x000000077ce00000, 0x000000077e680000, 0x0000000782000000)
  object space 25088K, 99% used [0x000000077ce00000,0x000000077e661e88,0x000000077e680000)
GC Heap History (10 events):
Event: 1.076 GC heap before
{Heap before GC invocations=2 (full 0):
 PSYoungGen      total 37888K, used 37881K [0x00000007d6000000, 0x00000007d8a00000, 0x0000000800000000)
  eden space 32768K, 100% used [0x00000007d6000000,0x00000007d8000000,0x00000007d8000000)
  from space 5120K, 99% used [0x00000007d8000000,0x00000007d84fe580,0x00000007d8500000)
  to   space 5120K, 0% used [0x00000007d8500000,0x00000007d8500000,0x00000007d8a00000)
 ParOldGen       total 86016K, used 363K [0x0000000782000000, 0x0000000787400000, 0x00000007d6000000)
  object space 86016K, 0% used [0x0000000782000000,0x000000078205af98,0x0000000787400000)
 PSPermGen       total 21504K, used 12598K [0x000000077ce00000, 0x000000077e300000, 0x0000000782000000)
  object space 21504K, 58% used [0x000000077ce00000,0x000000077da4d8d0,0x000000077e300000)
Event: 1.083 GC heap after
Heap after GC invocations=2 (full 0):
 PSYoungGen      total 37888K, used 5113K [0x00000007d6000000, 0x00000007daa00000, 0x0000000800000000)
  eden space 32768K, 0% used [0x00000007d6000000,0x00000007d6000000,0x00000007d8000000)
  from space 5120K, 99% used [0x00000007d8500000,0x00000007d89fe790,0x00000007d8a00000)
  to   space 5120K, 0% used [0x00000007d8000000,0x00000007d8000000,0x00000007d8500000)
 ParOldGen       total 86016K, used 2690K [0x0000000782000000, 0x0000000787400000, 0x00000007d6000000)
  object space 86016K, 3% used [0x0000000782000000,0x00000007822a0ac8,0x0000000787400000)
 PSPermGen       total 21504K, used 12598K [0x000000077ce00000, 0x000000077e300000, 0x0000000782000000)
  object space 21504K, 58% used [0x000000077ce00000,0x000000077da4d8d0,0x000000077e300000)
}
Event: 1.736 GC heap before
{Heap before GC invocations=3 (full 0):
 PSYoungGen      total 37888K, used 37881K [0x00000007d6000000, 0x00000007daa00000, 0x0000000800000000)
  eden space 32768K, 100% used [0x00000007d6000000,0x00000007d8000000,0x00000007d8000000)
  from space 5120K, 99% used [0x00000007d8500000,0x00000007d89fe790,0x00000007d8a00000)
  to   space 5120K, 0% used [0x00000007d8000000,0x00000007d8000000,0x00000007d8500000)
 ParOldGen       total 86016K, used 2690K [0x0000000782000000, 0x0000000787400000, 0x00000007d6000000)
  object space 86016K, 3% used [0x0000000782000000,0x00000007822a0ac8,0x0000000787400000)
 PSPermGen       total 21504K, used 14834K [0x000000077ce00000, 0x000000077e300000, 0x0000000782000000)
  object space 21504K, 68% used [0x000000077ce00000,0x000000077dc7cad8,0x000000077e300000)
Event: 1.743 GC heap after
Heap after GC invocations=3 (full 0):
 PSYoungGen      total 37888K, used 5112K [0x00000007d6000000, 0x00000007daa00000, 0x0000000800000000)
  eden space 32768K, 0% used [0x00000007d6000000,0x00000007d6000000,0x00000007d8000000)
  from space 5120K, 99% used [0x00000007d8000000,0x00000007d84fe010,0x00000007d8500000)
  to   space 5120K, 0% used [0x00000007da500000,0x00000007da500000,0x00000007daa00000)
 ParOldGen       total 86016K, used 5246K [0x0000000782000000, 0x0000000787400000, 0x00000007d6000000)
  object space 86016K, 6% used [0x0000000782000000,0x000000078251f9e0,0x0000000787400000)
 PSPermGen       total 21504K, used 14834K [0x000000077ce00000, 0x000000077e300000, 0x0000000782000000)
  object space 21504K, 68% used [0x000000077ce00000,0x000000077dc7cad8,0x000000077e300000)
}
Event: 2.162 GC heap before
{Heap before GC invocations=4 (full 0):
 PSYoungGen      total 37888K, used 37880K [0x00000007d6000000, 0x00000007daa00000, 0x0000000800000000)
  eden space 32768K, 100% used [0x00000007d6000000,0x00000007d8000000,0x00000007d8000000)
  from space 5120K, 99% used [0x00000007d8000000,0x00000007d84fe010,0x00000007d8500000)
  to   space 5120K, 0% used [0x00000007da500000,0x00000007da500000,0x00000007daa00000)
 ParOldGen       total 86016K, used 5246K [0x0000000782000000, 0x0000000787400000, 0x00000007d6000000)
  object space 86016K, 6% used [0x0000000782000000,0x000000078251f9e0,0x0000000787400000)
 PSPermGen       total 21504K, used 15342K [0x000000077ce00000, 0x000000077e300000, 0x0000000782000000)
  object space 21504K, 71% used [0x000000077ce00000,0x000000077dcfbbd0,0x000000077e300000)
Event: 2.171 GC heap after
Heap after GC invocations=4 (full 0):
 PSYoungGen      total 70656K, used 5112K [0x00000007d6000000, 0x00000007daa00000, 0x0000000800000000)
  eden space 65536K, 0% used [0x00000007d6000000,0x00000007d6000000,0x00000007da000000)
  from space 5120K, 99% used [0x00000007da500000,0x00000007da9fe050,0x00000007daa00000)
  to   space 5120K, 0% used [0x00000007da000000,0x00000007da000000,0x00000007da500000)
 ParOldGen       total 86016K, used 7794K [0x0000000782000000, 0x0000000787400000, 0x00000007d6000000)
  object space 86016K, 9% used [0x0000000782000000,0x000000078279cb00,0x0000000787400000)
 PSPermGen       total 21504K, used 15342K [0x000000077ce00000, 0x000000077e300000, 0x0000000782000000)
  object space 21504K, 71% used [0x000000077ce00000,0x000000077dcfbbd0,0x000000077e300000)
}
Event: 3.230 GC heap before
{Heap before GC invocations=5 (full 0):
 PSYoungGen      total 70656K, used 70629K [0x00000007d6000000, 0x00000007daa00000, 0x0000000800000000)
  eden space 65536K, 99% used [0x00000007d6000000,0x00000007d9ffb5d8,0x00000007da000000)
  from space 5120K, 99% used [0x00000007da500000,0x00000007da9fe050,0x00000007daa00000)
  to   space 5120K, 0% used [0x00000007da000000,0x00000007da000000,0x00000007da500000)
 ParOldGen       total 86016K, used 7794K [0x0000000782000000, 0x0000000787400000, 0x00000007d6000000)
  object space 86016K, 9% used [0x0000000782000000,0x000000078279cb00,0x0000000787400000)
 PSPermGen       total 21504K, used 19716K [0x000000077ce00000, 0x000000077e300000, 0x0000000782000000)
  object space 21504K, 91% used [0x000000077ce00000,0x000000077e141268,0x000000077e300000)
Event: 3.243 GC heap after
Heap after GC invocations=5 (full 0):
 PSYoungGen      total 70656K, used 5103K [0x00000007d6000000, 0x00000007daa00000, 0x0000000800000000)
  eden space 65536K, 0% used [0x00000007d6000000,0x00000007d6000000,0x00000007da000000)
  from space 5120K, 99% used [0x00000007da000000,0x00000007da4fbc20,0x00000007da500000)
  to   space 5120K, 0% used [0x00000007da500000,0x00000007da500000,0x00000007daa00000)
 ParOldGen       total 86016K, used 13639K [0x0000000782000000, 0x0000000787400000, 0x00000007d6000000)
  object space 86016K, 15% used [0x0000000782000000,0x0000000782d51f60,0x0000000787400000)
 PSPermGen       total 21504K, used 19716K [0x000000077ce00000, 0x000000077e300000, 0x0000000782000000)
  object space 21504K, 91% used [0x000000077ce00000,0x000000077e141268,0x000000077e300000)
}
Event: 5.426 GC heap before
{Heap before GC invocations=6 (full 0):
 PSYoungGen      total 70656K, used 70639K [0x00000007d6000000, 0x00000007daa00000, 0x0000000800000000)
  eden space 65536K, 100% used [0x00000007d6000000,0x00000007da000000,0x00000007da000000)
  from space 5120K, 99% used [0x00000007da000000,0x00000007da4fbc20,0x00000007da500000)
  to   space 5120K, 0% used [0x00000007da500000,0x00000007da500000,0x00000007daa00000)
 ParOldGen       total 86016K, used 13639K [0x0000000782000000, 0x0000000787400000, 0x00000007d6000000)
  object space 86016K, 15% used [0x0000000782000000,0x0000000782d51f60,0x0000000787400000)
 PSPermGen       total 23040K, used 22727K [0x000000077ce00000, 0x000000077e480000, 0x0000000782000000)
  object space 23040K, 98% used [0x000000077ce00000,0x000000077e431fc8,0x000000077e480000)
Event: 5.438 GC heap after
Heap after GC invocations=6 (full 0):
 PSYoungGen      total 60416K, used 5104K [0x00000007d6000000, 0x00000007dfe00000, 0x0000000800000000)
  eden space 55296K, 0% used [0x00000007d6000000,0x00000007d6000000,0x00000007d9600000)
  from space 5120K, 99% used [0x00000007da500000,0x00000007da9fc020,0x00000007daa00000)
  to   space 15360K, 0% used [0x00000007d9600000,0x00000007d9600000,0x00000007da500000)
 ParOldGen       total 86016K, used 24596K [0x0000000782000000, 0x0000000787400000, 0x00000007d6000000)
  object space 86016K, 28% used [0x0000000782000000,0x0000000783805260,0x0000000787400000)
 PSPermGen       total 23040K, used 22727K [0x000000077ce00000, 0x000000077e480000, 0x0000000782000000)
  object space 23040K, 98% used [0x000000077ce00000,0x000000077e431fc8,0x000000077e480000)
}

