# JRE version: Java(TM) SE Runtime Environment (7.0_80-b15) (build 1.7.0_80-b15)
# Java VM: Java HotSpot(TM) 64-Bit Server VM (24.80-b11 mixed mode windows-amd64 compressed oops)
Heap
 PSYoungGen      total 581120K, used 206056K [0x00000007d6000000, 0x00000007ff080000, 0x0000000800000000)
  eden space 500224K, 41% used [0x00000007d6000000,0x00000007e293a028,0x00000007f4880000)
  from space 80896K, 0% used [0x00000007f9300000,0x00000007f9300000,0x00000007fe200000)
  to   space 76288K, 0% used [0x00000007f4880000,0x00000007f4880000,0x00000007f9300000)
 ParOldGen       total 157184K, used 62853K [0x0000000782000000, 0x000000078b980000, 0x00000007d6000000)
  object space 157184K, 39% used [0x0000000782000000,0x0000000785d61620,0x000000078b980000)
 PSPermGen       total 74240K, used 47449K [0x000000077ce00000, 0x0000000781680000, 0x0000000782000000)
  object space 74240K, 63% used [0x000000077ce00000,0x000000077fc565a0,0x0000000781680000)
GC Heap History (10 events):
Event: 7.578 GC heap before
{Heap before GC invocations=10 (full 1):
 PSYoungGen      total 279040K, used 37860K [0x00000007d6000000, 0x00000007f4700000, 0x0000000800000000)
  eden space 241152K, 0% used [0x00000007d6000000,0x00000007d6000000,0x00000007e4b80000)
  from space 37888K, 99% used [0x00000007e4b80000,0x00000007e70791b8,0x00000007e7080000)
  to   space 56320K, 0% used [0x00000007f1000000,0x00000007f1000000,0x00000007f4700000)
 ParOldGen       total 86016K, used 80121K [0x0000000782000000, 0x0000000787400000, 0x00000007d6000000)
  object space 86016K, 93% used [0x0000000782000000,0x0000000786e3e7c8,0x0000000787400000)
 PSPermGen       total 28160K, used 27848K [0x000000077ce00000, 0x000000077e980000, 0x0000000782000000)
  object space 28160K, 98% used [0x000000077ce00000,0x000000077e932108,0x000000077e980000)
Event: 7.690 GC heap after
Heap after GC invocations=10 (full 1):
 PSYoungGen      total 279040K, used 0K [0x00000007d6000000, 0x00000007f4700000, 0x0000000800000000)
  eden space 241152K, 0% used [0x00000007d6000000,0x00000007d6000000,0x00000007e4b80000)
  from space 37888K, 0% used [0x00000007e4b80000,0x00000007e4b80000,0x00000007e7080000)
  to   space 56320K, 0% used [0x00000007f1000000,0x00000007f1000000,0x00000007f4700000)
 ParOldGen       total 129024K, used 60360K [0x0000000782000000, 0x0000000789e00000, 0x00000007d6000000)
  object space 129024K, 46% used [0x0000000782000000,0x0000000785af2010,0x0000000789e00000)
 PSPermGen       total 55808K, used 27833K [0x000000077ce00000, 0x0000000780480000, 0x0000000782000000)
  object space 55808K, 49% used [0x000000077ce00000,0x000000077e92e498,0x0000000780480000)
}
Event: 8.229 GC heap before
{Heap before GC invocations=11 (full 1):
 PSYoungGen      total 279040K, used 241152K [0x00000007d6000000, 0x00000007f4700000, 0x0000000800000000)
  eden space 241152K, 100% used [0x00000007d6000000,0x00000007e4b80000,0x00000007e4b80000)
  from space 37888K, 0% used [0x00000007e4b80000,0x00000007e4b80000,0x00000007e7080000)
  to   space 56320K, 0% used [0x00000007f1000000,0x00000007f1000000,0x00000007f4700000)
 ParOldGen       total 129024K, used 60360K [0x0000000782000000, 0x0000000789e00000, 0x00000007d6000000)
  object space 129024K, 46% used [0x0000000782000000,0x0000000785af2010,0x0000000789e00000)
 PSPermGen       total 55808K, used 27864K [0x000000077ce00000, 0x0000000780480000, 0x0000000782000000)
  object space 55808K, 49% used [0x000000077ce00000,0x000000077e936260,0x0000000780480000)
Event: 8.255 GC heap after
Heap after GC invocations=11 (full 1):
 PSYoungGen      total 384512K, used 41507K [0x00000007d6000000, 0x00000007f3900000, 0x0000000800000000)
  eden space 342528K, 0% used [0x00000007d6000000,0x00000007d6000000,0x00000007eae80000)
  from space 41984K, 98% used [0x00000007f1000000,0x00000007f3888f28,0x00000007f3900000)
  to   space 60416K, 0% used [0x00000007ec300000,0x00000007ec300000,0x00000007efe00000)
 ParOldGen       total 129024K, used 60360K [0x0000000782000000, 0x0000000789e00000, 0x00000007d6000000)
  object space 129024K, 46% used [0x0000000782000000,0x0000000785af2010,0x0000000789e00000)
 PSPermGen       total 55808K, used 27864K [0x000000077ce00000, 0x0000000780480000, 0x0000000782000000)
  object space 55808K, 49% used [0x000000077ce00000,0x000000077e936260,0x0000000780480000)
}
Event: 9.003 GC heap before
{Heap before GC invocations=12 (full 1):
 PSYoungGen      total 384512K, used 384035K [0x00000007d6000000, 0x00000007f3900000, 0x0000000800000000)
  eden space 342528K, 100% used [0x00000007d6000000,0x00000007eae80000,0x00000007eae80000)
  from space 41984K, 98% used [0x00000007f1000000,0x00000007f3888f28,0x00000007f3900000)
  to   space 60416K, 0% used [0x00000007ec300000,0x00000007ec300000,0x00000007efe00000)
 ParOldGen       total 129024K, used 60360K [0x0000000782000000, 0x0000000789e00000, 0x00000007d6000000)
  object space 129024K, 46% used [0x0000000782000000,0x0000000785af2010,0x0000000789e00000)
 PSPermGen       total 55808K, used 27875K [0x000000077ce00000, 0x0000000780480000, 0x0000000782000000)
  object space 55808K, 49% used [0x000000077ce00000,0x000000077e938d28,0x0000000780480000)
Event: 9.057 GC heap after
Heap after GC invocations=12 (full 1):
 PSYoungGen      total 423936K, used 60398K [0x00000007d6000000, 0x00000007fe200000, 0x0000000800000000)
  eden space 363520K, 0% used [0x00000007d6000000,0x00000007d6000000,0x00000007ec300000)
  from space 60416K, 99% used [0x00000007ec300000,0x00000007efdfb9d8,0x00000007efe00000)
  to   space 80896K, 0% used [0x00000007f9300000,0x00000007f9300000,0x00000007fe200000)
 ParOldGen       total 129024K, used 89031K [0x0000000782000000, 0x0000000789e00000, 0x00000007d6000000)
  object space 129024K, 69% used [0x0000000782000000,0x00000007876f1c90,0x0000000789e00000)
 PSPermGen       total 55808K, used 27875K [0x000000077ce00000, 0x0000000780480000, 0x0000000782000000)
  object space 55808K, 49% used [0x000000077ce00000,0x000000077e938d28,0x0000000780480000)
}
Event: 11.016 GC heap before
{Heap before GC invocations=13 (full 1):
 PSYoungGen      total 423936K, used 423918K [0x00000007d6000000, 0x00000007fe200000, 0x0000000800000000)
  eden space 363520K, 100% used [0x00000007d6000000,0x00000007ec300000,0x00000007ec300000)
  from space 60416K, 99% used [0x00000007ec300000,0x00000007efdfb9d8,0x00000007efe00000)
  to   space 80896K, 0% used [0x00000007f9300000,0x00000007f9300000,0x00000007fe200000)
 ParOldGen       total 129024K, used 89031K [0x0000000782000000, 0x0000000789e00000, 0x00000007d6000000)
  object space 129024K, 69% used [0x0000000782000000,0x00000007876f1c90,0x0000000789e00000)
 PSPermGen       total 55808K, used 42861K [0x000000077ce00000, 0x0000000780480000, 0x0000000782000000)
  object space 55808K, 76% used [0x000000077ce00000,0x000000077f7db6b8,0x0000000780480000)
Event: 11.055 GC heap after
Heap after GC invocations=13 (full 1):
 PSYoungGen      total 581120K, used 31580K [0x00000007d6000000, 0x00000007ff080000, 0x0000000800000000)
  eden space 500224K, 0% used [0x00000007d6000000,0x00000007d6000000,0x00000007f4880000)
  from space 80896K, 39% used [0x00000007f9300000,0x00000007fb1d7220,0x00000007fe200000)
  to   space 76288K, 0% used [0x00000007f4880000,0x00000007f4880000,0x00000007f9300000)
 ParOldGen       total 129024K, used 117791K [0x0000000782000000, 0x0000000789e00000, 0x00000007d6000000)
  object space 129024K, 91% used [0x0000000782000000,0x0000000789307e30,0x0000000789e00000)
 PSPermGen       total 55808K, used 42861K [0x000000077ce00000, 0x0000000780480000, 0x0000000782000000)
  object space 55808K, 76% used [0x000000077ce00000,0x000000077f7db6b8,0x0000000780480000)
}
Event: 11.055 GC heap before
{Heap before GC invocations=14 (full 2):
 PSYoungGen      total 581120K, used 31580K [0x00000007d6000000, 0x00000007ff080000, 0x0000000800000000)
  eden space 500224K, 0% used [0x00000007d6000000,0x00000007d6000000,0x00000007f4880000)
  from space 80896K, 39% used [0x00000007f9300000,0x00000007fb1d7220,0x00000007fe200000)
  to   space 76288K, 0% used [0x00000007f4880000,0x00000007f4880000,0x00000007f9300000)
 ParOldGen       total 129024K, used 117791K [0x0000000782000000, 0x0000000789e00000, 0x00000007d6000000)
  object space 129024K, 91% used [0x0000000782000000,0x0000000789307e30,0x0000000789e00000)
 PSPermGen       total 55808K, used 42861K [0x000000077ce00000, 0x0000000780480000, 0x0000000782000000)
  object space 55808K, 76% used [0x000000077ce00000,0x000000077f7db6b8,0x0000000780480000)
Event: 11.137 GC heap after
Heap after GC invocations=14 (full 2):
 PSYoungGen      total 581120K, used 0K [0x00000007d6000000, 0x00000007ff080000, 0x0000000800000000)
  eden space 500224K, 0% used [0x00000007d6000000,0x00000007d6000000,0x00000007f4880000)
  from space 80896K, 0% used [0x00000007f9300000,0x00000007f9300000,0x00000007fe200000)
  to   space 76288K, 0% used [0x00000007f4880000,0x00000007f4880000,0x00000007f9300000)
 ParOldGen       total 157184K, used 62853K [0x0000000782000000, 0x000000078b980000, 0x00000007d6000000)
  object space 157184K, 39% used [0x0000000782000000,0x0000000785d61620,0x000000078b980000)
 PSPermGen       total 74240K, used 42854K [0x000000077ce00000, 0x0000000781680000, 0x0000000782000000)
  object space 74240K, 57% used [0x000000077ce00000,0x000000077f7d9b28,0x0000000781680000)
}

