# JRE version: Java(TM) SE Runtime Environment (8.0_131-b11) (build 1.8.0_131-b11)
# Java VM: Java HotSpot(TM) 64-Bit Server VM (25.131-b11 mixed mode windows-amd64 compressed oops)
Heap:
 PSYoungGen      total 177664K, used 167941K [0x00000000d6000000, 0x00000000e4880000, 0x0000000100000000)
  eden space 156160K, 93% used [0x00000000d6000000,0x00000000def097b0,0x00000000df880000)
  from space 21504K, 99% used [0x00000000e3380000,0x00000000e4877dc8,0x00000000e4880000)
  to   space 30720K, 0% used [0x00000000e0c80000,0x00000000e0c80000,0x00000000e2a80000)
 ParOldGen       total 138752K, used 50225K [0x0000000082000000, 0x000000008a780000, 0x00000000d6000000)
  object space 138752K, 36% used [0x0000000082000000,0x000000008510c630,0x000000008a780000)
 Metaspace       used 29158K, capacity 29870K, committed 30080K, reserved 1075200K
  class space    used 3424K, capacity 3627K, committed 3712K, reserved 1048576K
GC Heap History (10 events):
Event: 8.960 GC heap before
{Heap before GC invocations=11 (full 1):
 PSYoungGen      total 137216K, used 137204K [0x00000000d6000000, 0x00000000e0c00000, 0x0000000100000000)
  eden space 123904K, 100% used [0x00000000d6000000,0x00000000dd900000,0x00000000dd900000)
  from space 13312K, 99% used [0x00000000dd900000,0x00000000de5fd310,0x00000000de600000)
  to   space 20480K, 0% used [0x00000000df800000,0x00000000df800000,0x00000000e0c00000)
 ParOldGen       total 60928K, used 31435K [0x0000000082000000, 0x0000000085b80000, 0x00000000d6000000)
  object space 60928K, 51% used [0x0000000082000000,0x0000000083eb2d18,0x0000000085b80000)
 Metaspace       used 29135K, capacity 29870K, committed 30080K, reserved 1075200K
  class space    used 3420K, capacity 3627K, committed 3712K, reserved 1048576K
Event: 8.992 GC heap after
Heap after GC invocations=11 (full 1):
 PSYoungGen      total 147968K, used 20450K [0x00000000d6000000, 0x00000000e3a00000, 0x0000000100000000)
  eden space 127488K, 0% used [0x00000000d6000000,0x00000000d6000000,0x00000000ddc80000)
  from space 20480K, 99% used [0x00000000df800000,0x00000000e0bf88d8,0x00000000e0c00000)
  to   space 28160K, 0% used [0x00000000ddc80000,0x00000000ddc80000,0x00000000df800000)
 ParOldGen       total 60928K, used 44408K [0x0000000082000000, 0x0000000085b80000, 0x00000000d6000000)
  object space 60928K, 72% used [0x0000000082000000,0x0000000084b5e1a8,0x0000000085b80000)
 Metaspace       used 29135K, capacity 29870K, committed 30080K, reserved 1075200K
  class space    used 3420K, capacity 3627K, committed 3712K, reserved 1048576K
}
Event: 9.494 GC heap before
{Heap before GC invocations=12 (full 1):
 PSYoungGen      total 147968K, used 147938K [0x00000000d6000000, 0x00000000e3a00000, 0x0000000100000000)
  eden space 127488K, 100% used [0x00000000d6000000,0x00000000ddc80000,0x00000000ddc80000)
  from space 20480K, 99% used [0x00000000df800000,0x00000000e0bf88d8,0x00000000e0c00000)
  to   space 28160K, 0% used [0x00000000ddc80000,0x00000000ddc80000,0x00000000df800000)
 ParOldGen       total 60928K, used 44408K [0x0000000082000000, 0x0000000085b80000, 0x00000000d6000000)
  object space 60928K, 72% used [0x0000000082000000,0x0000000084b5e1a8,0x0000000085b80000)
 Metaspace       used 29141K, capacity 29870K, committed 30080K, reserved 1075200K
  class space    used 3421K, capacity 3627K, committed 3712K, reserved 1048576K
Event: 9.706 GC heap after
Heap after GC invocations=12 (full 1):
 PSYoungGen      total 155648K, used 20298K [0x00000000d6000000, 0x00000000e5080000, 0x0000000100000000)
  eden space 127488K, 0% used [0x00000000d6000000,0x00000000d6000000,0x00000000ddc80000)
  from space 28160K, 72% used [0x00000000ddc80000,0x00000000df0529c8,0x00000000df800000)
  to   space 29696K, 0% used [0x00000000e3380000,0x00000000e3380000,0x00000000e5080000)
 ParOldGen       total 60928K, used 52281K [0x0000000082000000, 0x0000000085b80000, 0x00000000d6000000)
  object space 60928K, 85% used [0x0000000082000000,0x000000008530e5f8,0x0000000085b80000)
 Metaspace       used 29141K, capacity 29870K, committed 30080K, reserved 1075200K
  class space    used 3421K, capacity 3627K, committed 3712K, reserved 1048576K
}
Event: 9.707 GC heap before
{Heap before GC invocations=13 (full 2):
 PSYoungGen      total 155648K, used 20298K [0x00000000d6000000, 0x00000000e5080000, 0x0000000100000000)
  eden space 127488K, 0% used [0x00000000d6000000,0x00000000d6000000,0x00000000ddc80000)
  from space 28160K, 72% used [0x00000000ddc80000,0x00000000df0529c8,0x00000000df800000)
  to   space 29696K, 0% used [0x00000000e3380000,0x00000000e3380000,0x00000000e5080000)
 ParOldGen       total 60928K, used 52281K [0x0000000082000000, 0x0000000085b80000, 0x00000000d6000000)
  object space 60928K, 85% used [0x0000000082000000,0x000000008530e5f8,0x0000000085b80000)
 Metaspace       used 29141K, capacity 29870K, committed 30080K, reserved 1075200K
  class space    used 3421K, capacity 3627K, committed 3712K, reserved 1048576K
Event: 9.859 GC heap after
Heap after GC invocations=13 (full 2):
 PSYoungGen      total 155648K, used 0K [0x00000000d6000000, 0x00000000e5080000, 0x0000000100000000)
  eden space 127488K, 0% used [0x00000000d6000000,0x00000000d6000000,0x00000000ddc80000)
  from space 28160K, 0% used [0x00000000ddc80000,0x00000000ddc80000,0x00000000df800000)
  to   space 29696K, 0% used [0x00000000e3380000,0x00000000e3380000,0x00000000e5080000)
 ParOldGen       total 60928K, used 50698K [0x0000000082000000, 0x0000000085b80000, 0x00000000d6000000)
  object space 60928K, 83% used [0x0000000082000000,0x0000000085182878,0x0000000085b80000)
 Metaspace       used 29141K, capacity 29870K, committed 30080K, reserved 1075200K
  class space    used 3421K, capacity 3627K, committed 3712K, reserved 1048576K
}
Event: 10.361 GC heap before
{Heap before GC invocations=14 (full 3):
 PSYoungGen      total 155648K, used 127488K [0x00000000d6000000, 0x00000000e5080000, 0x0000000100000000)
  eden space 127488K, 100% used [0x00000000d6000000,0x00000000ddc80000,0x00000000ddc80000)
  from space 28160K, 0% used [0x00000000ddc80000,0x00000000ddc80000,0x00000000df800000)
  to   space 29696K, 0% used [0x00000000e3380000,0x00000000e3380000,0x00000000e5080000)
 ParOldGen       total 60928K, used 50698K [0x0000000082000000, 0x0000000085b80000, 0x00000000d6000000)
  object space 60928K, 83% used [0x0000000082000000,0x0000000085182878,0x0000000085b80000)
 Metaspace       used 29153K, capacity 29870K, committed 30080K, reserved 1075200K
  class space    used 3423K, capacity 3627K, committed 3712K, reserved 1048576K
Event: 10.649 GC heap after
Heap after GC invocations=14 (full 3):
 PSYoungGen      total 155648K, used 0K [0x00000000d6000000, 0x00000000e5080000, 0x0000000100000000)
  eden space 127488K, 0% used [0x00000000d6000000,0x00000000d6000000,0x00000000ddc80000)
  from space 28160K, 0% used [0x00000000ddc80000,0x00000000ddc80000,0x00000000df800000)
  to   space 29696K, 0% used [0x00000000e3380000,0x00000000e3380000,0x00000000e5080000)
 ParOldGen       total 138752K, used 50225K [0x0000000082000000, 0x000000008a780000, 0x00000000d6000000)
  object space 138752K, 36% used [0x0000000082000000,0x000000008510c630,0x000000008a780000)
 Metaspace       used 29153K, capacity 29870K, committed 30080K, reserved 1075200K
  class space    used 3423K, capacity 3627K, committed 3712K, reserved 1048576K
}
Event: 11.008 GC heap before
{Heap before GC invocations=15 (full 3):
 PSYoungGen      total 155648K, used 127488K [0x00000000d6000000, 0x00000000e5080000, 0x0000000100000000)
  eden space 127488K, 100% used [0x00000000d6000000,0x00000000ddc80000,0x00000000ddc80000)
  from space 28160K, 0% used [0x00000000ddc80000,0x00000000ddc80000,0x00000000df800000)
  to   space 29696K, 0% used [0x00000000e3380000,0x00000000e3380000,0x00000000e5080000)
 ParOldGen       total 138752K, used 50225K [0x0000000082000000, 0x000000008a780000, 0x00000000d6000000)
  object space 138752K, 36% used [0x0000000082000000,0x000000008510c630,0x000000008a780000)
 Metaspace       used 29156K, capacity 29870K, committed 30080K, reserved 1075200K
  class space    used 3424K, capacity 3627K, committed 3712K, reserved 1048576K
Event: 11.027 GC heap after
Heap after GC invocations=15 (full 3):
 PSYoungGen      total 177664K, used 21471K [0x00000000d6000000, 0x00000000e4880000, 0x0000000100000000)
  eden space 156160K, 0% used [0x00000000d6000000,0x00000000d6000000,0x00000000df880000)
  from space 21504K, 99% used [0x00000000e3380000,0x00000000e4877dc8,0x00000000e4880000)
  to   space 30720K, 0% used [0x00000000e0c80000,0x00000000e0c80000,0x00000000e2a80000)
 ParOldGen       total 138752K, used 50225K [0x0000000082000000, 0x000000008a780000, 0x00000000d6000000)
  object space 138752K, 36% used [0x0000000082000000,0x000000008510c630,0x000000008a780000)
 Metaspace       used 29156K, capacity 29870K, committed 30080K, reserved 1075200K
  class space    used 3424K, capacity 3627K, committed 3712K, reserved 1048576K
}

