# JRE version: Java(TM) SE Runtime Environment (7.0_80-b15) (build 1.7.0_80-b15)
# Java VM: Java HotSpot(TM) 64-Bit Server VM (24.80-b11 mixed mode windows-amd64 compressed oops)
Heap
 PSYoungGen      total 37888K, used 7048K [0x00000007d6000000, 0x00000007d8a00000, 0x0000000800000000)
  eden space 32768K, 5% used [0x00000007d6000000,0x00000007d61e53d0,0x00000007d8000000)
  from space 5120K, 99% used [0x00000007d8500000,0x00000007d89fce38,0x00000007d8a00000)
  to   space 5120K, 0% used [0x00000007d8000000,0x00000007d8000000,0x00000007d8500000)
 ParOldGen       total 86016K, used 2670K [0x0000000782000000, 0x0000000787400000, 0x00000007d6000000)
  object space 86016K, 3% used [0x0000000782000000,0x000000078229b910,0x0000000787400000)
 PSPermGen       total 21504K, used 12791K [0x000000077ce00000, 0x000000077e300000, 0x0000000782000000)
  object space 21504K, 59% used [0x000000077ce00000,0x000000077da7dfb0,0x000000077e300000)
GC Heap History (4 events):
Event: 0.742 GC heap before
{Heap before GC invocations=1 (full 0):
 PSYoungGen      total 37888K, used 32768K [0x00000007d6000000, 0x00000007d8a00000, 0x0000000800000000)
  eden space 32768K, 100% used [0x00000007d6000000,0x00000007d8000000,0x00000007d8000000)
  from space 5120K, 0% used [0x00000007d8500000,0x00000007d8500000,0x00000007d8a00000)
  to   space 5120K, 0% used [0x00000007d8000000,0x00000007d8000000,0x00000007d8500000)
 ParOldGen       total 86016K, used 0K [0x0000000782000000, 0x0000000787400000, 0x00000007d6000000)
  object space 86016K, 0% used [0x0000000782000000,0x0000000782000000,0x0000000787400000)
 PSPermGen       total 21504K, used 8291K [0x000000077ce00000, 0x000000077e300000, 0x0000000782000000)
  object space 21504K, 38% used [0x000000077ce00000,0x000000077d618f68,0x000000077e300000)
Event: 0.749 GC heap after
Heap after GC invocations=1 (full 0):
 PSYoungGen      total 37888K, used 5095K [0x00000007d6000000, 0x00000007d8a00000, 0x0000000800000000)
  eden space 32768K, 0% used [0x00000007d6000000,0x00000007d6000000,0x00000007d8000000)
  from space 5120K, 99% used [0x00000007d8000000,0x00000007d84f9dd0,0x00000007d8500000)
  to   space 5120K, 0% used [0x00000007d8500000,0x00000007d8500000,0x00000007d8a00000)
 ParOldGen       total 86016K, used 239K [0x0000000782000000, 0x0000000787400000, 0x00000007d6000000)
  object space 86016K, 0% used [0x0000000782000000,0x000000078203bff0,0x0000000787400000)
 PSPermGen       total 21504K, used 8291K [0x000000077ce00000, 0x000000077e300000, 0x0000000782000000)
  object space 21504K, 38% used [0x000000077ce00000,0x000000077d618f68,0x000000077e300000)
}
Event: 1.201 GC heap before
{Heap before GC invocations=2 (full 0):
 PSYoungGen      total 37888K, used 37863K [0x00000007d6000000, 0x00000007d8a00000, 0x0000000800000000)
  eden space 32768K, 100% used [0x00000007d6000000,0x00000007d8000000,0x00000007d8000000)
  from space 5120K, 99% used [0x00000007d8000000,0x00000007d84f9dd0,0x00000007d8500000)
  to   space 5120K, 0% used [0x00000007d8500000,0x00000007d8500000,0x00000007d8a00000)
 ParOldGen       total 86016K, used 239K [0x0000000782000000, 0x0000000787400000, 0x00000007d6000000)
  object space 86016K, 0% used [0x0000000782000000,0x000000078203bff0,0x0000000787400000)
 PSPermGen       total 21504K, used 12638K [0x000000077ce00000, 0x000000077e300000, 0x0000000782000000)
  object space 21504K, 58% used [0x000000077ce00000,0x000000077da57858,0x000000077e300000)
Event: 1.213 GC heap after
Heap after GC invocations=2 (full 0):
 PSYoungGen      total 37888K, used 5107K [0x00000007d6000000, 0x00000007d8a00000, 0x0000000800000000)
  eden space 32768K, 0% used [0x00000007d6000000,0x00000007d6000000,0x00000007d8000000)
  from space 5120K, 99% used [0x00000007d8500000,0x00000007d89fce38,0x00000007d8a00000)
  to   space 5120K, 0% used [0x00000007d8000000,0x00000007d8000000,0x00000007d8500000)
 ParOldGen       total 86016K, used 2670K [0x0000000782000000, 0x0000000787400000, 0x00000007d6000000)
  object space 86016K, 3% used [0x0000000782000000,0x000000078229b910,0x0000000787400000)
 PSPermGen       total 21504K, used 12638K [0x000000077ce00000, 0x000000077e300000, 0x0000000782000000)
  object space 21504K, 58% used [0x000000077ce00000,0x000000077da57858,0x000000077e300000)
}

