# JRE version: Java(TM) SE Runtime Environment (7.0_80-b15) (build 1.7.0_80-b15)
# Java VM: Java HotSpot(TM) 64-Bit Server VM (24.80-b11 mixed mode windows-amd64 compressed oops)
Heap
 PSYoungGen      total 441856K, used 150022K [0x00000007d6000000, 0x00000007fbb80000, 0x0000000800000000)
  eden space 389632K, 25% used [0x00000007d6000000,0x00000007dbfcf2c8,0x00000007edc80000)
  from space 52224K, 99% used [0x00000007f8880000,0x00000007fbb326f8,0x00000007fbb80000)
  to   space 66560K, 0% used [0x00000007f3980000,0x00000007f3980000,0x00000007f7a80000)
 ParOldGen       total 148480K, used 68519K [0x0000000782000000, 0x000000078b100000, 0x00000007d6000000)
  object space 148480K, 46% used [0x0000000782000000,0x00000007862e9ed0,0x000000078b100000)
 PSPermGen       total 53760K, used 27498K [0x000000077ce00000, 0x0000000780280000, 0x0000000782000000)
  object space 53760K, 51% used [0x000000077ce00000,0x000000077e8da968,0x0000000780280000)
GC Heap History (10 events):
Event: 5.087 GC heap before
{Heap before GC invocations=5 (full 0):
 PSYoungGen      total 136192K, used 136168K [0x00000007d6000000, 0x00000007dea00000, 0x0000000800000000)
  eden space 131072K, 100% used [0x00000007d6000000,0x00000007de000000,0x00000007de000000)
  from space 5120K, 99% used [0x00000007de500000,0x00000007de9fa040,0x00000007dea00000)
  to   space 5120K, 0% used [0x00000007de000000,0x00000007de000000,0x00000007de500000)
 ParOldGen       total 86016K, used 12867K [0x0000000782000000, 0x0000000787400000, 0x00000007d6000000)
  object space 86016K, 14% used [0x0000000782000000,0x0000000782c90f68,0x0000000787400000)
 PSPermGen       total 26624K, used 26619K [0x000000077ce00000, 0x000000077e800000, 0x0000000782000000)
  object space 26624K, 99% used [0x000000077ce00000,0x000000077e7fefa0,0x000000077e800000)
Event: 5.109 GC heap after
Heap after GC invocations=5 (full 0):
 PSYoungGen      total 136192K, used 5088K [0x00000007d6000000, 0x00000007e9300000, 0x0000000800000000)
  eden space 131072K, 0% used [0x00000007d6000000,0x00000007d6000000,0x00000007de000000)
  from space 5120K, 99% used [0x00000007de000000,0x00000007de4f8040,0x00000007de500000)
  to   space 26112K, 0% used [0x00000007e7980000,0x00000007e7980000,0x00000007e9300000)
 ParOldGen       total 86016K, used 36997K [0x0000000782000000, 0x0000000787400000, 0x00000007d6000000)
  object space 86016K, 43% used [0x0000000782000000,0x0000000784421450,0x0000000787400000)
 PSPermGen       total 26624K, used 26619K [0x000000077ce00000, 0x000000077e800000, 0x0000000782000000)
  object space 26624K, 99% used [0x000000077ce00000,0x000000077e7fefa0,0x000000077e800000)
}
Event: 5.528 GC heap before
{Heap before GC invocations=6 (full 0):
 PSYoungGen      total 136192K, used 136160K [0x00000007d6000000, 0x00000007e9300000, 0x0000000800000000)
  eden space 131072K, 100% used [0x00000007d6000000,0x00000007de000000,0x00000007de000000)
  from space 5120K, 99% used [0x00000007de000000,0x00000007de4f8040,0x00000007de500000)
  to   space 26112K, 0% used [0x00000007e7980000,0x00000007e7980000,0x00000007e9300000)
 ParOldGen       total 86016K, used 36997K [0x0000000782000000, 0x0000000787400000, 0x00000007d6000000)
  object space 86016K, 43% used [0x0000000782000000,0x0000000784421450,0x0000000787400000)
 PSPermGen       total 27136K, used 26668K [0x000000077ce00000, 0x000000077e880000, 0x0000000782000000)
  object space 27136K, 98% used [0x000000077ce00000,0x000000077e80b128,0x000000077e880000)
Event: 5.552 GC heap after
Heap after GC invocations=6 (full 0):
 PSYoungGen      total 280064K, used 26101K [0x00000007d6000000, 0x00000007ea300000, 0x0000000800000000)
  eden space 253952K, 0% used [0x00000007d6000000,0x00000007d6000000,0x00000007e5800000)
  from space 26112K, 99% used [0x00000007e7980000,0x00000007e92fd7b8,0x00000007e9300000)
  to   space 34304K, 0% used [0x00000007e5800000,0x00000007e5800000,0x00000007e7980000)
 ParOldGen       total 86016K, used 41581K [0x0000000782000000, 0x0000000787400000, 0x00000007d6000000)
  object space 86016K, 48% used [0x0000000782000000,0x000000078489b5c0,0x0000000787400000)
 PSPermGen       total 27136K, used 26668K [0x000000077ce00000, 0x000000077e880000, 0x0000000782000000)
  object space 27136K, 98% used [0x000000077ce00000,0x000000077e80b128,0x000000077e880000)
}
Event: 6.549 GC heap before
{Heap before GC invocations=7 (full 0):
 PSYoungGen      total 280064K, used 280053K [0x00000007d6000000, 0x00000007ea300000, 0x0000000800000000)
  eden space 253952K, 100% used [0x00000007d6000000,0x00000007e5800000,0x00000007e5800000)
  from space 26112K, 99% used [0x00000007e7980000,0x00000007e92fd7b8,0x00000007e9300000)
  to   space 34304K, 0% used [0x00000007e5800000,0x00000007e5800000,0x00000007e7980000)
 ParOldGen       total 86016K, used 41581K [0x0000000782000000, 0x0000000787400000, 0x00000007d6000000)
  object space 86016K, 48% used [0x0000000782000000,0x000000078489b5c0,0x0000000787400000)
 PSPermGen       total 27136K, used 26690K [0x000000077ce00000, 0x000000077e880000, 0x0000000782000000)
  object space 27136K, 98% used [0x000000077ce00000,0x000000077e810b68,0x000000077e880000)
Event: 6.601 GC heap after
Heap after GC invocations=7 (full 0):
 PSYoungGen      total 288256K, used 34301K [0x00000007d6000000, 0x00000007fc100000, 0x0000000800000000)
  eden space 253952K, 0% used [0x00000007d6000000,0x00000007d6000000,0x00000007e5800000)
  from space 34304K, 99% used [0x00000007e5800000,0x00000007e797f7c0,0x00000007e7980000)
  to   space 57856K, 0% used [0x00000007f8880000,0x00000007f8880000,0x00000007fc100000)
 ParOldGen       total 86016K, used 74770K [0x0000000782000000, 0x0000000787400000, 0x00000007d6000000)
  object space 86016K, 86% used [0x0000000782000000,0x00000007869048d0,0x0000000787400000)
 PSPermGen       total 27136K, used 26690K [0x000000077ce00000, 0x000000077e880000, 0x0000000782000000)
  object space 27136K, 98% used [0x000000077ce00000,0x000000077e810b68,0x000000077e880000)
}
Event: 6.601 GC heap before
{Heap before GC invocations=8 (full 1):
 PSYoungGen      total 288256K, used 34301K [0x00000007d6000000, 0x00000007fc100000, 0x0000000800000000)
  eden space 253952K, 0% used [0x00000007d6000000,0x00000007d6000000,0x00000007e5800000)
  from space 34304K, 99% used [0x00000007e5800000,0x00000007e797f7c0,0x00000007e7980000)
  to   space 57856K, 0% used [0x00000007f8880000,0x00000007f8880000,0x00000007fc100000)
 ParOldGen       total 86016K, used 74770K [0x0000000782000000, 0x0000000787400000, 0x00000007d6000000)
  object space 86016K, 86% used [0x0000000782000000,0x00000007869048d0,0x0000000787400000)
 PSPermGen       total 27136K, used 26690K [0x000000077ce00000, 0x000000077e880000, 0x0000000782000000)
  object space 27136K, 98% used [0x000000077ce00000,0x000000077e810b68,0x000000077e880000)
Event: 6.785 GC heap after
Heap after GC invocations=8 (full 1):
 PSYoungGen      total 288256K, used 0K [0x00000007d6000000, 0x00000007fc100000, 0x0000000800000000)
  eden space 253952K, 0% used [0x00000007d6000000,0x00000007d6000000,0x00000007e5800000)
  from space 34304K, 0% used [0x00000007e5800000,0x00000007e5800000,0x00000007e7980000)
  to   space 57856K, 0% used [0x00000007f8880000,0x00000007f8880000,0x00000007fc100000)
 ParOldGen       total 148480K, used 68519K [0x0000000782000000, 0x000000078b100000, 0x00000007d6000000)
  object space 148480K, 46% used [0x0000000782000000,0x00000007862e9ed0,0x000000078b100000)
 PSPermGen       total 53760K, used 26678K [0x000000077ce00000, 0x0000000780280000, 0x0000000782000000)
  object space 53760K, 49% used [0x000000077ce00000,0x000000077e80da68,0x0000000780280000)
}
Event: 7.710 GC heap before
{Heap before GC invocations=9 (full 1):
 PSYoungGen      total 288256K, used 253952K [0x00000007d6000000, 0x00000007fc100000, 0x0000000800000000)
  eden space 253952K, 100% used [0x00000007d6000000,0x00000007e5800000,0x00000007e5800000)
  from space 34304K, 0% used [0x00000007e5800000,0x00000007e5800000,0x00000007e7980000)
  to   space 57856K, 0% used [0x00000007f8880000,0x00000007f8880000,0x00000007fc100000)
 ParOldGen       total 148480K, used 68519K [0x0000000782000000, 0x000000078b100000, 0x00000007d6000000)
  object space 148480K, 46% used [0x0000000782000000,0x00000007862e9ed0,0x000000078b100000)
 PSPermGen       total 53760K, used 27472K [0x000000077ce00000, 0x0000000780280000, 0x0000000782000000)
  object space 53760K, 51% used [0x000000077ce00000,0x000000077e8d4000,0x0000000780280000)
Event: 7.753 GC heap after
Heap after GC invocations=9 (full 1):
 PSYoungGen      total 441856K, used 51913K [0x00000007d6000000, 0x00000007fbb80000, 0x0000000800000000)
  eden space 389632K, 0% used [0x00000007d6000000,0x00000007d6000000,0x00000007edc80000)
  from space 52224K, 99% used [0x00000007f8880000,0x00000007fbb326f8,0x00000007fbb80000)
  to   space 66560K, 0% used [0x00000007f3980000,0x00000007f3980000,0x00000007f7a80000)
 ParOldGen       total 148480K, used 68519K [0x0000000782000000, 0x000000078b100000, 0x00000007d6000000)
  object space 148480K, 46% used [0x0000000782000000,0x00000007862e9ed0,0x000000078b100000)
 PSPermGen       total 53760K, used 27472K [0x000000077ce00000, 0x0000000780280000, 0x0000000782000000)
  object space 53760K, 51% used [0x000000077ce00000,0x000000077e8d4000,0x0000000780280000)
}

