# JRE version: Java(TM) SE Runtime Environment (8.0_131-b11) (build 1.8.0_131-b11)
# Java VM: Java HotSpot(TM) 64-Bit Server VM (25.131-b11 mixed mode windows-amd64 compressed oops)
Heap:
 PSYoungGen      total 298496K, used 114229K [0x00000000d6000000, 0x00000000eac00000, 0x0000000100000000)
  eden space 266240K, 35% used [0x00000000d6000000,0x00000000dbb754c8,0x00000000e6400000)
  from space 32256K, 63% used [0x00000000e8c80000,0x00000000ea098038,0x00000000eac00000)
  to   space 36864K, 0% used [0x00000000e6400000,0x00000000e6400000,0x00000000e8800000)
 ParOldGen       total 122880K, used 47375K [0x0000000082000000, 0x0000000089800000, 0x00000000d6000000)
  object space 122880K, 38% used [0x0000000082000000,0x0000000084e43ea8,0x0000000089800000)
 Metaspace       used 54633K, capacity 55534K, committed 55808K, reserved 1097728K
  class space    used 6299K, capacity 6583K, committed 6656K, reserved 1048576K
GC Heap History (10 events):
Event: 7.850 GC heap before
{Heap before GC invocations=10 (full 1):
 PSYoungGen      total 154112K, used 154108K [0x00000000d6000000, 0x00000000e6480000, 0x0000000100000000)
  eden space 133632K, 100% used [0x00000000d6000000,0x00000000de280000,0x00000000de280000)
  from space 20480K, 99% used [0x00000000dfe00000,0x00000000e11ff148,0x00000000e1200000)
  to   space 28160K, 0% used [0x00000000de280000,0x00000000de280000,0x00000000dfe00000)
 ParOldGen       total 67584K, used 36366K [0x0000000082000000, 0x0000000086200000, 0x00000000d6000000)
  object space 67584K, 53% used [0x0000000082000000,0x0000000084383878,0x0000000086200000)
 Metaspace       used 28820K, capacity 29460K, committed 29568K, reserved 1075200K
  class space    used 3415K, capacity 3624K, committed 3712K, reserved 1048576K
Event: 7.872 GC heap after
Heap after GC invocations=10 (full 1):
 PSYoungGen      total 161792K, used 28140K [0x00000000d6000000, 0x00000000e5f00000, 0x0000000100000000)
  eden space 133632K, 0% used [0x00000000d6000000,0x00000000d6000000,0x00000000de280000)
  from space 28160K, 99% used [0x00000000de280000,0x00000000dfdfb140,0x00000000dfe00000)
  to   space 35328K, 0% used [0x00000000e3c80000,0x00000000e3c80000,0x00000000e5f00000)
 ParOldGen       total 67584K, used 43356K [0x0000000082000000, 0x0000000086200000, 0x00000000d6000000)
  object space 67584K, 64% used [0x0000000082000000,0x0000000084a572e8,0x0000000086200000)
 Metaspace       used 28820K, capacity 29460K, committed 29568K, reserved 1075200K
  class space    used 3415K, capacity 3624K, committed 3712K, reserved 1048576K
}
Event: 8.180 GC heap before
{Heap before GC invocations=11 (full 1):
 PSYoungGen      total 161792K, used 161772K [0x00000000d6000000, 0x00000000e5f00000, 0x0000000100000000)
  eden space 133632K, 100% used [0x00000000d6000000,0x00000000de280000,0x00000000de280000)
  from space 28160K, 99% used [0x00000000de280000,0x00000000dfdfb140,0x00000000dfe00000)
  to   space 35328K, 0% used [0x00000000e3c80000,0x00000000e3c80000,0x00000000e5f00000)
 ParOldGen       total 67584K, used 43356K [0x0000000082000000, 0x0000000086200000, 0x00000000d6000000)
  object space 67584K, 64% used [0x0000000082000000,0x0000000084a572e8,0x0000000086200000)
 Metaspace       used 28826K, capacity 29460K, committed 29568K, reserved 1075200K
  class space    used 3416K, capacity 3624K, committed 3712K, reserved 1048576K
Event: 8.198 GC heap after
Heap after GC invocations=11 (full 1):
 PSYoungGen      total 224256K, used 25324K [0x00000000d6000000, 0x00000000e6480000, 0x0000000100000000)
  eden space 188928K, 0% used [0x00000000d6000000,0x00000000d6000000,0x00000000e1880000)
  from space 35328K, 71% used [0x00000000e3c80000,0x00000000e553b3d0,0x00000000e5f00000)
  to   space 36864K, 0% used [0x00000000e1880000,0x00000000e1880000,0x00000000e3c80000)
 ParOldGen       total 67584K, used 49828K [0x0000000082000000, 0x0000000086200000, 0x00000000d6000000)
  object space 67584K, 73% used [0x0000000082000000,0x00000000850a9358,0x0000000086200000)
 Metaspace       used 28826K, capacity 29460K, committed 29568K, reserved 1075200K
  class space    used 3416K, capacity 3624K, committed 3712K, reserved 1048576K
}
Event: 8.939 GC heap before
{Heap before GC invocations=12 (full 1):
 PSYoungGen      total 224256K, used 193186K [0x00000000d6000000, 0x00000000e6480000, 0x0000000100000000)
  eden space 188928K, 88% used [0x00000000d6000000,0x00000000e03ed430,0x00000000e1880000)
  from space 35328K, 71% used [0x00000000e3c80000,0x00000000e553b3d0,0x00000000e5f00000)
  to   space 36864K, 0% used [0x00000000e1880000,0x00000000e1880000,0x00000000e3c80000)
 ParOldGen       total 67584K, used 49828K [0x0000000082000000, 0x0000000086200000, 0x00000000d6000000)
  object space 67584K, 73% used [0x0000000082000000,0x00000000850a9358,0x0000000086200000)
 Metaspace       used 34609K, capacity 35340K, committed 35496K, reserved 1081344K
  class space    used 4112K, capacity 4344K, committed 4352K, reserved 1048576K
Event: 8.956 GC heap after
Heap after GC invocations=12 (full 1):
 PSYoungGen      total 225792K, used 23812K [0x00000000d6000000, 0x00000000eb180000, 0x0000000100000000)
  eden space 188928K, 0% used [0x00000000d6000000,0x00000000d6000000,0x00000000e1880000)
  from space 36864K, 64% used [0x00000000e1880000,0x00000000e2fc1238,0x00000000e3c80000)
  to   space 37888K, 0% used [0x00000000e8c80000,0x00000000e8c80000,0x00000000eb180000)
 ParOldGen       total 67584K, used 51931K [0x0000000082000000, 0x0000000086200000, 0x00000000d6000000)
  object space 67584K, 76% used [0x0000000082000000,0x00000000852b6e50,0x0000000086200000)
 Metaspace       used 34609K, capacity 35340K, committed 35496K, reserved 1081344K
  class space    used 4112K, capacity 4344K, committed 4352K, reserved 1048576K
}
Event: 8.956 GC heap before
{Heap before GC invocations=13 (full 2):
 PSYoungGen      total 225792K, used 23812K [0x00000000d6000000, 0x00000000eb180000, 0x0000000100000000)
  eden space 188928K, 0% used [0x00000000d6000000,0x00000000d6000000,0x00000000e1880000)
  from space 36864K, 64% used [0x00000000e1880000,0x00000000e2fc1238,0x00000000e3c80000)
  to   space 37888K, 0% used [0x00000000e8c80000,0x00000000e8c80000,0x00000000eb180000)
 ParOldGen       total 67584K, used 51931K [0x0000000082000000, 0x0000000086200000, 0x00000000d6000000)
  object space 67584K, 76% used [0x0000000082000000,0x00000000852b6e50,0x0000000086200000)
 Metaspace       used 34609K, capacity 35340K, committed 35496K, reserved 1081344K
  class space    used 4112K, capacity 4344K, committed 4352K, reserved 1048576K
Event: 9.017 GC heap after
Heap after GC invocations=13 (full 2):
 PSYoungGen      total 225792K, used 0K [0x00000000d6000000, 0x00000000eb180000, 0x0000000100000000)
  eden space 188928K, 0% used [0x00000000d6000000,0x00000000d6000000,0x00000000e1880000)
  from space 36864K, 0% used [0x00000000e1880000,0x00000000e1880000,0x00000000e3c80000)
  to   space 37888K, 0% used [0x00000000e8c80000,0x00000000e8c80000,0x00000000eb180000)
 ParOldGen       total 122880K, used 47367K [0x0000000082000000, 0x0000000089800000, 0x00000000d6000000)
  object space 122880K, 38% used [0x0000000082000000,0x0000000084e41ea8,0x0000000089800000)
 Metaspace       used 34609K, capacity 35340K, committed 35496K, reserved 1081344K
  class space    used 4112K, capacity 4344K, committed 4352K, reserved 1048576K
}
Event: 971.920 GC heap before
{Heap before GC invocations=14 (full 2):
 PSYoungGen      total 225792K, used 188928K [0x00000000d6000000, 0x00000000eb180000, 0x0000000100000000)
  eden space 188928K, 100% used [0x00000000d6000000,0x00000000e1880000,0x00000000e1880000)
  from space 36864K, 0% used [0x00000000e1880000,0x00000000e1880000,0x00000000e3c80000)
  to   space 37888K, 0% used [0x00000000e8c80000,0x00000000e8c80000,0x00000000eb180000)
 ParOldGen       total 122880K, used 47367K [0x0000000082000000, 0x0000000089800000, 0x00000000d6000000)
  object space 122880K, 38% used [0x0000000082000000,0x0000000084e41ea8,0x0000000089800000)
 Metaspace       used 47507K, capacity 48262K, committed 48768K, reserved 1091584K
  class space    used 5708K, capacity 5935K, committed 6016K, reserved 1048576K
Event: 972.024 GC heap after
Heap after GC invocations=14 (full 2):
 PSYoungGen      total 298496K, used 20576K [0x00000000d6000000, 0x00000000eac00000, 0x0000000100000000)
  eden space 266240K, 0% used [0x00000000d6000000,0x00000000d6000000,0x00000000e6400000)
  from space 32256K, 63% used [0x00000000e8c80000,0x00000000ea098038,0x00000000eac00000)
  to   space 36864K, 0% used [0x00000000e6400000,0x00000000e6400000,0x00000000e8800000)
 ParOldGen       total 122880K, used 47375K [0x0000000082000000, 0x0000000089800000, 0x00000000d6000000)
  object space 122880K, 38% used [0x0000000082000000,0x0000000084e43ea8,0x0000000089800000)
 Metaspace       used 47507K, capacity 48262K, committed 48768K, reserved 1091584K
  class space    used 5708K, capacity 5935K, committed 6016K, reserved 1048576K
}

