# JRE version: Java(TM) SE Runtime Environment (7.0_80-b15) (build 1.7.0_80-b15)
# Java VM: Java HotSpot(TM) 64-Bit Server VM (24.80-b11 mixed mode windows-amd64 compressed oops)
Heap
 PSYoungGen      total 154624K, used 72679K [0x00000007d6000000, 0x00000007e8e00000, 0x0000000800000000)
  eden space 129536K, 36% used [0x00000007d6000000,0x00000007d8e7d880,0x00000007dde80000)
  from space 25088K, 99% used [0x00000007e7580000,0x00000007e8dfc6a0,0x00000007e8e00000)
  to   space 15872K, 0% used [0x00000007dde80000,0x00000007dde80000,0x00000007dee00000)
 ParOldGen       total 86016K, used 38058K [0x0000000782000000, 0x0000000787400000, 0x00000007d6000000)
  object space 86016K, 44% used [0x0000000782000000,0x000000078452aa68,0x0000000787400000)
 PSPermGen       total 27136K, used 26815K [0x000000077ce00000, 0x000000077e880000, 0x0000000782000000)
  object space 27136K, 98% used [0x000000077ce00000,0x000000077e82ff48,0x000000077e880000)
GC Heap History (10 events):
Event: 4.032 GC heap before
{Heap before GC invocations=4 (full 0):
 PSYoungGen      total 37888K, used 37880K [0x00000007d6000000, 0x00000007daa00000, 0x0000000800000000)
  eden space 32768K, 100% used [0x00000007d6000000,0x00000007d8000000,0x00000007d8000000)
  from space 5120K, 99% used [0x00000007d8000000,0x00000007d84fe030,0x00000007d8500000)
  to   space 5120K, 0% used [0x00000007da500000,0x00000007da500000,0x00000007daa00000)
 ParOldGen       total 86016K, used 5026K [0x0000000782000000, 0x0000000787400000, 0x00000007d6000000)
  object space 86016K, 5% used [0x0000000782000000,0x00000007824e89a0,0x0000000787400000)
 PSPermGen       total 21504K, used 15505K [0x000000077ce00000, 0x000000077e300000, 0x0000000782000000)
  object space 21504K, 72% used [0x000000077ce00000,0x000000077dd245b0,0x000000077e300000)
Event: 4.085 GC heap after
Heap after GC invocations=4 (full 0):
 PSYoungGen      total 70656K, used 5120K [0x00000007d6000000, 0x00000007daa00000, 0x0000000800000000)
  eden space 65536K, 0% used [0x00000007d6000000,0x00000007d6000000,0x00000007da000000)
  from space 5120K, 100% used [0x00000007da500000,0x00000007daa00000,0x00000007daa00000)
  to   space 5120K, 0% used [0x00000007da000000,0x00000007da000000,0x00000007da500000)
 ParOldGen       total 86016K, used 7063K [0x0000000782000000, 0x0000000787400000, 0x00000007d6000000)
  object space 86016K, 8% used [0x0000000782000000,0x00000007826e5d00,0x0000000787400000)
 PSPermGen       total 21504K, used 15505K [0x000000077ce00000, 0x000000077e300000, 0x0000000782000000)
  object space 21504K, 72% used [0x000000077ce00000,0x000000077dd245b0,0x000000077e300000)
}
Event: 6.568 GC heap before
{Heap before GC invocations=5 (full 0):
 PSYoungGen      total 70656K, used 70656K [0x00000007d6000000, 0x00000007daa00000, 0x0000000800000000)
  eden space 65536K, 100% used [0x00000007d6000000,0x00000007da000000,0x00000007da000000)
  from space 5120K, 100% used [0x00000007da500000,0x00000007daa00000,0x00000007daa00000)
  to   space 5120K, 0% used [0x00000007da000000,0x00000007da000000,0x00000007da500000)
 ParOldGen       total 86016K, used 7063K [0x0000000782000000, 0x0000000787400000, 0x00000007d6000000)
  object space 86016K, 8% used [0x0000000782000000,0x00000007826e5d00,0x0000000787400000)
 PSPermGen       total 21504K, used 20062K [0x000000077ce00000, 0x000000077e300000, 0x0000000782000000)
  object space 21504K, 93% used [0x000000077ce00000,0x000000077e1978e0,0x000000077e300000)
Event: 6.586 GC heap after
Heap after GC invocations=5 (full 0):
 PSYoungGen      total 70656K, used 5104K [0x00000007d6000000, 0x00000007dfc00000, 0x0000000800000000)
  eden space 65536K, 0% used [0x00000007d6000000,0x00000007d6000000,0x00000007da000000)
  from space 5120K, 99% used [0x00000007da000000,0x00000007da4fc010,0x00000007da500000)
  to   space 14336K, 0% used [0x00000007dee00000,0x00000007dee00000,0x00000007dfc00000)
 ParOldGen       total 86016K, used 17398K [0x0000000782000000, 0x0000000787400000, 0x00000007d6000000)
  object space 86016K, 20% used [0x0000000782000000,0x00000007830fdbc8,0x0000000787400000)
 PSPermGen       total 21504K, used 20062K [0x000000077ce00000, 0x000000077e300000, 0x0000000782000000)
  object space 21504K, 93% used [0x000000077ce00000,0x000000077e1978e0,0x000000077e300000)
}
Event: 11.096 GC heap before
{Heap before GC invocations=6 (full 0):
 PSYoungGen      total 70656K, used 70640K [0x00000007d6000000, 0x00000007dfc00000, 0x0000000800000000)
  eden space 65536K, 100% used [0x00000007d6000000,0x00000007da000000,0x00000007da000000)
  from space 5120K, 99% used [0x00000007da000000,0x00000007da4fc010,0x00000007da500000)
  to   space 14336K, 0% used [0x00000007dee00000,0x00000007dee00000,0x00000007dfc00000)
 ParOldGen       total 86016K, used 17398K [0x0000000782000000, 0x0000000787400000, 0x00000007d6000000)
  object space 86016K, 20% used [0x0000000782000000,0x00000007830fdbc8,0x0000000787400000)
 PSPermGen       total 26624K, used 26376K [0x000000077ce00000, 0x000000077e800000, 0x0000000782000000)
  object space 26624K, 99% used [0x000000077ce00000,0x000000077e7c2288,0x000000077e800000)
Event: 11.126 GC heap after
Heap after GC invocations=6 (full 0):
 PSYoungGen      total 143872K, used 13105K [0x00000007d6000000, 0x00000007dff00000, 0x0000000800000000)
  eden space 129536K, 0% used [0x00000007d6000000,0x00000007d6000000,0x00000007dde80000)
  from space 14336K, 91% used [0x00000007dee00000,0x00000007dfacc6b8,0x00000007dfc00000)
  to   space 15872K, 0% used [0x00000007dde80000,0x00000007dde80000,0x00000007dee00000)
 ParOldGen       total 86016K, used 17406K [0x0000000782000000, 0x0000000787400000, 0x00000007d6000000)
  object space 86016K, 20% used [0x0000000782000000,0x00000007830ffbc8,0x0000000787400000)
 PSPermGen       total 26624K, used 26376K [0x000000077ce00000, 0x000000077e800000, 0x0000000782000000)
  object space 26624K, 99% used [0x000000077ce00000,0x000000077e7c2288,0x000000077e800000)
}
Event: 12.427 GC heap before
{Heap before GC invocations=7 (full 0):
 PSYoungGen      total 143872K, used 142641K [0x00000007d6000000, 0x00000007dff00000, 0x0000000800000000)
  eden space 129536K, 100% used [0x00000007d6000000,0x00000007dde80000,0x00000007dde80000)
  from space 14336K, 91% used [0x00000007dee00000,0x00000007dfacc6b8,0x00000007dfc00000)
  to   space 15872K, 0% used [0x00000007dde80000,0x00000007dde80000,0x00000007dee00000)
 ParOldGen       total 86016K, used 17406K [0x0000000782000000, 0x0000000787400000, 0x00000007d6000000)
  object space 86016K, 20% used [0x0000000782000000,0x00000007830ffbc8,0x0000000787400000)
 PSPermGen       total 27136K, used 26785K [0x000000077ce00000, 0x000000077e880000, 0x0000000782000000)
  object space 27136K, 98% used [0x000000077ce00000,0x000000077e828710,0x000000077e880000)
Event: 12.454 GC heap after
Heap after GC invocations=7 (full 0):
 PSYoungGen      total 145408K, used 15849K [0x00000007d6000000, 0x00000007e8e00000, 0x0000000800000000)
  eden space 129536K, 0% used [0x00000007d6000000,0x00000007d6000000,0x00000007dde80000)
  from space 15872K, 99% used [0x00000007dde80000,0x00000007dedfa760,0x00000007dee00000)
  to   space 25088K, 0% used [0x00000007e7580000,0x00000007e7580000,0x00000007e8e00000)
 ParOldGen       total 86016K, used 30873K [0x0000000782000000, 0x0000000787400000, 0x00000007d6000000)
  object space 86016K, 35% used [0x0000000782000000,0x0000000783e264c0,0x0000000787400000)
 PSPermGen       total 27136K, used 26785K [0x000000077ce00000, 0x000000077e880000, 0x0000000782000000)
  object space 27136K, 98% used [0x000000077ce00000,0x000000077e828710,0x000000077e880000)
}
Event: 13.330 GC heap before
{Heap before GC invocations=8 (full 0):
 PSYoungGen      total 145408K, used 145385K [0x00000007d6000000, 0x00000007e8e00000, 0x0000000800000000)
  eden space 129536K, 100% used [0x00000007d6000000,0x00000007dde80000,0x00000007dde80000)
  from space 15872K, 99% used [0x00000007dde80000,0x00000007dedfa760,0x00000007dee00000)
  to   space 25088K, 0% used [0x00000007e7580000,0x00000007e7580000,0x00000007e8e00000)
 ParOldGen       total 86016K, used 30873K [0x0000000782000000, 0x0000000787400000, 0x00000007d6000000)
  object space 86016K, 35% used [0x0000000782000000,0x0000000783e264c0,0x0000000787400000)
 PSPermGen       total 27136K, used 26812K [0x000000077ce00000, 0x000000077e880000, 0x0000000782000000)
  object space 27136K, 98% used [0x000000077ce00000,0x000000077e82f2d0,0x000000077e880000)
Event: 13.359 GC heap after
Heap after GC invocations=8 (full 0):
 PSYoungGen      total 154624K, used 25073K [0x00000007d6000000, 0x00000007e8e00000, 0x0000000800000000)
  eden space 129536K, 0% used [0x00000007d6000000,0x00000007d6000000,0x00000007dde80000)
  from space 25088K, 99% used [0x00000007e7580000,0x00000007e8dfc6a0,0x00000007e8e00000)
  to   space 15872K, 0% used [0x00000007dde80000,0x00000007dde80000,0x00000007dee00000)
 ParOldGen       total 86016K, used 38058K [0x0000000782000000, 0x0000000787400000, 0x00000007d6000000)
  object space 86016K, 44% used [0x0000000782000000,0x000000078452aa68,0x0000000787400000)
 PSPermGen       total 27136K, used 26812K [0x000000077ce00000, 0x000000077e880000, 0x0000000782000000)
  object space 27136K, 98% used [0x000000077ce00000,0x000000077e82f2d0,0x000000077e880000)
}

