# JRE version: Java(TM) SE Runtime Environment (8.0_131-b11) (build 1.8.0_131-b11)
# Java VM: Java HotSpot(TM) 64-Bit Server VM (25.131-b11 mixed mode windows-amd64 compressed oops)
Heap:
 PSYoungGen      total 147456K, used 125544K [0x00000000d6000000, 0x00000000e0880000, 0x0000000100000000)
  eden space 126976K, 84% used [0x00000000d6000000,0x00000000dc88c188,0x00000000ddc00000)
  from space 20480K, 99% used [0x00000000df480000,0x00000000e087af50,0x00000000e0880000)
  to   space 12288K, 0% used [0x00000000ddc00000,0x00000000ddc00000,0x00000000de800000)
 ParOldGen       total 68608K, used 39479K [0x0000000082000000, 0x0000000086300000, 0x00000000d6000000)
  object space 68608K, 57% used [0x0000000082000000,0x000000008468df20,0x0000000086300000)
 Metaspace       used 28808K, capacity 29436K, committed 29568K, reserved 1075200K
  class space    used 3397K, capacity 3592K, committed 3712K, reserved 1048576K
GC Heap History (10 events):
Event: 3.695 GC heap before
{Heap before GC invocations=5 (full 0):
 PSYoungGen      total 70656K, used 58903K [0x00000000d6000000, 0x00000000daa00000, 0x0000000100000000)
  eden space 65536K, 82% used [0x00000000d6000000,0x00000000d948bc30,0x00000000da000000)
  from space 5120K, 99% used [0x00000000da500000,0x00000000da9fa020,0x00000000daa00000)
  to   space 5120K, 0% used [0x00000000da000000,0x00000000da000000,0x00000000da500000)
 ParOldGen       total 86016K, used 8186K [0x0000000082000000, 0x0000000087400000, 0x00000000d6000000)
  object space 86016K, 9% used [0x0000000082000000,0x00000000827fe8e8,0x0000000087400000)
 Metaspace       used 20727K, capacity 21140K, committed 21296K, reserved 1069056K
  class space    used 2499K, capacity 2620K, committed 2688K, reserved 1048576K
Event: 3.712 GC heap after
Heap after GC invocations=5 (full 0):
 PSYoungGen      total 70656K, used 5096K [0x00000000d6000000, 0x00000000df400000, 0x0000000100000000)
  eden space 65536K, 0% used [0x00000000d6000000,0x00000000d6000000,0x00000000da000000)
  from space 5120K, 99% used [0x00000000da000000,0x00000000da4fa020,0x00000000da500000)
  to   space 10240K, 0% used [0x00000000dea00000,0x00000000dea00000,0x00000000df400000)
 ParOldGen       total 86016K, used 12867K [0x0000000082000000, 0x0000000087400000, 0x00000000d6000000)
  object space 86016K, 14% used [0x0000000082000000,0x0000000082c90c48,0x0000000087400000)
 Metaspace       used 20727K, capacity 21140K, committed 21296K, reserved 1069056K
  class space    used 2499K, capacity 2620K, committed 2688K, reserved 1048576K
}
Event: 3.712 GC heap before
{Heap before GC invocations=6 (full 1):
 PSYoungGen      total 70656K, used 5096K [0x00000000d6000000, 0x00000000df400000, 0x0000000100000000)
  eden space 65536K, 0% used [0x00000000d6000000,0x00000000d6000000,0x00000000da000000)
  from space 5120K, 99% used [0x00000000da000000,0x00000000da4fa020,0x00000000da500000)
  to   space 10240K, 0% used [0x00000000dea00000,0x00000000dea00000,0x00000000df400000)
 ParOldGen       total 86016K, used 12867K [0x0000000082000000, 0x0000000087400000, 0x00000000d6000000)
  object space 86016K, 14% used [0x0000000082000000,0x0000000082c90c48,0x0000000087400000)
 Metaspace       used 20727K, capacity 21140K, committed 21296K, reserved 1069056K
  class space    used 2499K, capacity 2620K, committed 2688K, reserved 1048576K
Event: 3.783 GC heap after
Heap after GC invocations=6 (full 1):
 PSYoungGen      total 70656K, used 0K [0x00000000d6000000, 0x00000000df400000, 0x0000000100000000)
  eden space 65536K, 0% used [0x00000000d6000000,0x00000000d6000000,0x00000000da000000)
  from space 5120K, 0% used [0x00000000da000000,0x00000000da000000,0x00000000da500000)
  to   space 10240K, 0% used [0x00000000dea00000,0x00000000dea00000,0x00000000df400000)
 ParOldGen       total 68608K, used 12219K [0x0000000082000000, 0x0000000086300000, 0x00000000d6000000)
  object space 68608K, 17% used [0x0000000082000000,0x0000000082beee90,0x0000000086300000)
 Metaspace       used 20727K, capacity 21140K, committed 21296K, reserved 1069056K
  class space    used 2499K, capacity 2620K, committed 2688K, reserved 1048576K
}
Event: 6.974 GC heap before
{Heap before GC invocations=7 (full 1):
 PSYoungGen      total 70656K, used 65536K [0x00000000d6000000, 0x00000000df400000, 0x0000000100000000)
  eden space 65536K, 100% used [0x00000000d6000000,0x00000000da000000,0x00000000da000000)
  from space 5120K, 0% used [0x00000000da000000,0x00000000da000000,0x00000000da500000)
  to   space 10240K, 0% used [0x00000000dea00000,0x00000000dea00000,0x00000000df400000)
 ParOldGen       total 68608K, used 12219K [0x0000000082000000, 0x0000000086300000, 0x00000000d6000000)
  object space 68608K, 17% used [0x0000000082000000,0x0000000082beee90,0x0000000086300000)
 Metaspace       used 24549K, capacity 25162K, committed 25472K, reserved 1071104K
  class space    used 2926K, capacity 3087K, committed 3200K, reserved 1048576K
Event: 6.987 GC heap after
Heap after GC invocations=7 (full 1):
 PSYoungGen      total 101376K, used 10219K [0x00000000d6000000, 0x00000000df400000, 0x0000000100000000)
  eden space 91136K, 0% used [0x00000000d6000000,0x00000000d6000000,0x00000000db900000)
  from space 10240K, 99% used [0x00000000dea00000,0x00000000df3fad40,0x00000000df400000)
  to   space 12288K, 0% used [0x00000000ddc00000,0x00000000ddc00000,0x00000000de800000)
 ParOldGen       total 68608K, used 13970K [0x0000000082000000, 0x0000000086300000, 0x00000000d6000000)
  object space 68608K, 20% used [0x0000000082000000,0x0000000082da49a0,0x0000000086300000)
 Metaspace       used 24549K, capacity 25162K, committed 25472K, reserved 1071104K
  class space    used 2926K, capacity 3087K, committed 3200K, reserved 1048576K
}
Event: 7.947 GC heap before
{Heap before GC invocations=8 (full 1):
 PSYoungGen      total 101376K, used 101355K [0x00000000d6000000, 0x00000000df400000, 0x0000000100000000)
  eden space 91136K, 100% used [0x00000000d6000000,0x00000000db900000,0x00000000db900000)
  from space 10240K, 99% used [0x00000000dea00000,0x00000000df3fad40,0x00000000df400000)
  to   space 12288K, 0% used [0x00000000ddc00000,0x00000000ddc00000,0x00000000de800000)
 ParOldGen       total 68608K, used 13970K [0x0000000082000000, 0x0000000086300000, 0x00000000d6000000)
  object space 68608K, 20% used [0x0000000082000000,0x0000000082da49a0,0x0000000086300000)
 Metaspace       used 28788K, capacity 29426K, committed 29568K, reserved 1075200K
  class space    used 3395K, capacity 3590K, committed 3712K, reserved 1048576K
Event: 7.969 GC heap after
Heap after GC invocations=8 (full 1):
 PSYoungGen      total 139264K, used 12271K [0x00000000d6000000, 0x00000000e0880000, 0x0000000100000000)
  eden space 126976K, 0% used [0x00000000d6000000,0x00000000d6000000,0x00000000ddc00000)
  from space 12288K, 99% used [0x00000000ddc00000,0x00000000de7fbda0,0x00000000de800000)
  to   space 20480K, 0% used [0x00000000df480000,0x00000000df480000,0x00000000e0880000)
 ParOldGen       total 68608K, used 26909K [0x0000000082000000, 0x0000000086300000, 0x00000000d6000000)
  object space 68608K, 39% used [0x0000000082000000,0x0000000083a47570,0x0000000086300000)
 Metaspace       used 28788K, capacity 29426K, committed 29568K, reserved 1075200K
  class space    used 3395K, capacity 3590K, committed 3712K, reserved 1048576K
}
Event: 8.510 GC heap before
{Heap before GC invocations=9 (full 1):
 PSYoungGen      total 139264K, used 139247K [0x00000000d6000000, 0x00000000e0880000, 0x0000000100000000)
  eden space 126976K, 100% used [0x00000000d6000000,0x00000000ddc00000,0x00000000ddc00000)
  from space 12288K, 99% used [0x00000000ddc00000,0x00000000de7fbda0,0x00000000de800000)
  to   space 20480K, 0% used [0x00000000df480000,0x00000000df480000,0x00000000e0880000)
 ParOldGen       total 68608K, used 26909K [0x0000000082000000, 0x0000000086300000, 0x00000000d6000000)
  object space 68608K, 39% used [0x0000000082000000,0x0000000083a47570,0x0000000086300000)
 Metaspace       used 28795K, capacity 29426K, committed 29568K, reserved 1075200K
  class space    used 3395K, capacity 3590K, committed 3712K, reserved 1048576K
Event: 8.561 GC heap after
Heap after GC invocations=9 (full 1):
 PSYoungGen      total 147456K, used 20459K [0x00000000d6000000, 0x00000000e0880000, 0x0000000100000000)
  eden space 126976K, 0% used [0x00000000d6000000,0x00000000d6000000,0x00000000ddc00000)
  from space 20480K, 99% used [0x00000000df480000,0x00000000e087af50,0x00000000e0880000)
  to   space 12288K, 0% used [0x00000000ddc00000,0x00000000ddc00000,0x00000000de800000)
 ParOldGen       total 68608K, used 39479K [0x0000000082000000, 0x0000000086300000, 0x00000000d6000000)
  object space 68608K, 57% used [0x0000000082000000,0x000000008468df20,0x0000000086300000)
 Metaspace       used 28795K, capacity 29426K, committed 29568K, reserved 1075200K
  class space    used 3395K, capacity 3590K, committed 3712K, reserved 1048576K
}

