# JRE version: Java(TM) SE Runtime Environment (8.0_131-b11) (build 1.8.0_131-b11)
# Java VM: Java HotSpot(TM) 64-Bit Server VM (25.131-b11 mixed mode windows-amd64 compressed oops)
Heap:
 PSYoungGen      total 70656K, used 19062K [0x00000000d6000000, 0x00000000daa00000, 0x0000000100000000)
  eden space 65536K, 29% used [0x00000000d6000000,0x00000000d729d880,0x00000000da000000)
  from space 5120K, 0% used [0x00000000da000000,0x00000000da000000,0x00000000da500000)
  to   space 5120K, 0% used [0x00000000da500000,0x00000000da500000,0x00000000daa00000)
 ParOldGen       total 68096K, used 12214K [0x0000000082000000, 0x0000000086280000, 0x00000000d6000000)
  object space 68096K, 17% used [0x0000000082000000,0x0000000082bedb88,0x0000000086280000)
 Metaspace       used 21218K, capacity 21716K, committed 21808K, reserved 1069056K
  class space    used 2542K, capacity 2684K, committed 2688K, reserved 1048576K
GC Heap History (10 events):
Event: 2.001 GC heap before
{Heap before GC invocations=2 (full 0):
 PSYoungGen      total 37888K, used 37862K [0x00000000d6000000, 0x00000000d8a00000, 0x0000000100000000)
  eden space 32768K, 100% used [0x00000000d6000000,0x00000000d8000000,0x00000000d8000000)
  from space 5120K, 99% used [0x00000000d8000000,0x00000000d84f98d8,0x00000000d8500000)
  to   space 5120K, 0% used [0x00000000d8500000,0x00000000d8500000,0x00000000d8a00000)
 ParOldGen       total 86016K, used 422K [0x0000000082000000, 0x0000000087400000, 0x00000000d6000000)
  object space 86016K, 0% used [0x0000000082000000,0x0000000082069850,0x0000000087400000)
 Metaspace       used 12564K, capacity 12756K, committed 13056K, reserved 1060864K
  class space    used 1592K, capacity 1674K, committed 1792K, reserved 1048576K
Event: 2.011 GC heap after
Heap after GC invocations=2 (full 0):
 PSYoungGen      total 37888K, used 5101K [0x00000000d6000000, 0x00000000d8a00000, 0x0000000100000000)
  eden space 32768K, 0% used [0x00000000d6000000,0x00000000d6000000,0x00000000d8000000)
  from space 5120K, 99% used [0x00000000d8500000,0x00000000d89fb640,0x00000000d8a00000)
  to   space 5120K, 0% used [0x00000000d8000000,0x00000000d8000000,0x00000000d8500000)
 ParOldGen       total 86016K, used 3243K [0x0000000082000000, 0x0000000087400000, 0x00000000d6000000)
  object space 86016K, 3% used [0x0000000082000000,0x000000008232ad18,0x0000000087400000)
 Metaspace       used 12564K, capacity 12756K, committed 13056K, reserved 1060864K
  class space    used 1592K, capacity 1674K, committed 1792K, reserved 1048576K
}
Event: 2.650 GC heap before
{Heap before GC invocations=3 (full 0):
 PSYoungGen      total 37888K, used 37869K [0x00000000d6000000, 0x00000000d8a00000, 0x0000000100000000)
  eden space 32768K, 100% used [0x00000000d6000000,0x00000000d8000000,0x00000000d8000000)
  from space 5120K, 99% used [0x00000000d8500000,0x00000000d89fb640,0x00000000d8a00000)
  to   space 5120K, 0% used [0x00000000d8000000,0x00000000d8000000,0x00000000d8500000)
 ParOldGen       total 86016K, used 3243K [0x0000000082000000, 0x0000000087400000, 0x00000000d6000000)
  object space 86016K, 3% used [0x0000000082000000,0x000000008232ad18,0x0000000087400000)
 Metaspace       used 15187K, capacity 15476K, committed 15616K, reserved 1062912K
  class space    used 1849K, capacity 1946K, committed 2048K, reserved 1048576K
Event: 2.658 GC heap after
Heap after GC invocations=3 (full 0):
 PSYoungGen      total 37888K, used 5096K [0x00000000d6000000, 0x00000000daa00000, 0x0000000100000000)
  eden space 32768K, 0% used [0x00000000d6000000,0x00000000d6000000,0x00000000d8000000)
  from space 5120K, 99% used [0x00000000d8000000,0x00000000d84fa060,0x00000000d8500000)
  to   space 5120K, 0% used [0x00000000da500000,0x00000000da500000,0x00000000daa00000)
 ParOldGen       total 86016K, used 6051K [0x0000000082000000, 0x0000000087400000, 0x00000000d6000000)
  object space 86016K, 7% used [0x0000000082000000,0x00000000825e8e10,0x0000000087400000)
 Metaspace       used 15187K, capacity 15476K, committed 15616K, reserved 1062912K
  class space    used 1849K, capacity 1946K, committed 2048K, reserved 1048576K
}
Event: 3.096 GC heap before
{Heap before GC invocations=4 (full 0):
 PSYoungGen      total 37888K, used 37864K [0x00000000d6000000, 0x00000000daa00000, 0x0000000100000000)
  eden space 32768K, 100% used [0x00000000d6000000,0x00000000d8000000,0x00000000d8000000)
  from space 5120K, 99% used [0x00000000d8000000,0x00000000d84fa060,0x00000000d8500000)
  to   space 5120K, 0% used [0x00000000da500000,0x00000000da500000,0x00000000daa00000)
 ParOldGen       total 86016K, used 6051K [0x0000000082000000, 0x0000000087400000, 0x00000000d6000000)
  object space 86016K, 7% used [0x0000000082000000,0x00000000825e8e10,0x0000000087400000)
 Metaspace       used 15959K, capacity 16338K, committed 16384K, reserved 1062912K
  class space    used 1920K, capacity 2019K, committed 2048K, reserved 1048576K
Event: 3.103 GC heap after
Heap after GC invocations=4 (full 0):
 PSYoungGen      total 70656K, used 5096K [0x00000000d6000000, 0x00000000daa00000, 0x0000000100000000)
  eden space 65536K, 0% used [0x00000000d6000000,0x00000000d6000000,0x00000000da000000)
  from space 5120K, 99% used [0x00000000da500000,0x00000000da9fa020,0x00000000daa00000)
  to   space 5120K, 0% used [0x00000000da000000,0x00000000da000000,0x00000000da500000)
 ParOldGen       total 86016K, used 8103K [0x0000000082000000, 0x0000000087400000, 0x00000000d6000000)
  object space 86016K, 9% used [0x0000000082000000,0x00000000827e9f20,0x0000000087400000)
 Metaspace       used 15959K, capacity 16338K, committed 16384K, reserved 1062912K
  class space    used 1920K, capacity 2019K, committed 2048K, reserved 1048576K
}
Event: 3.902 GC heap before
{Heap before GC invocations=5 (full 0):
 PSYoungGen      total 70656K, used 58367K [0x00000000d6000000, 0x00000000daa00000, 0x0000000100000000)
  eden space 65536K, 81% used [0x00000000d6000000,0x00000000d9405c28,0x00000000da000000)
  from space 5120K, 99% used [0x00000000da500000,0x00000000da9fa020,0x00000000daa00000)
  to   space 5120K, 0% used [0x00000000da000000,0x00000000da000000,0x00000000da500000)
 ParOldGen       total 86016K, used 8103K [0x0000000082000000, 0x0000000087400000, 0x00000000d6000000)
  object space 86016K, 9% used [0x0000000082000000,0x00000000827e9f20,0x0000000087400000)
 Metaspace       used 20694K, capacity 21140K, committed 21296K, reserved 1069056K
  class space    used 2500K, capacity 2620K, committed 2688K, reserved 1048576K
Event: 3.923 GC heap after
Heap after GC invocations=5 (full 0):
 PSYoungGen      total 70656K, used 5096K [0x00000000d6000000, 0x00000000daa00000, 0x0000000100000000)
  eden space 65536K, 0% used [0x00000000d6000000,0x00000000d6000000,0x00000000da000000)
  from space 5120K, 99% used [0x00000000da000000,0x00000000da4fa040,0x00000000da500000)
  to   space 5120K, 0% used [0x00000000da500000,0x00000000da500000,0x00000000daa00000)
 ParOldGen       total 86016K, used 12760K [0x0000000082000000, 0x0000000087400000, 0x00000000d6000000)
  object space 86016K, 14% used [0x0000000082000000,0x0000000082c76108,0x0000000087400000)
 Metaspace       used 20694K, capacity 21140K, committed 21296K, reserved 1069056K
  class space    used 2500K, capacity 2620K, committed 2688K, reserved 1048576K
}
Event: 3.923 GC heap before
{Heap before GC invocations=6 (full 1):
 PSYoungGen      total 70656K, used 5096K [0x00000000d6000000, 0x00000000daa00000, 0x0000000100000000)
  eden space 65536K, 0% used [0x00000000d6000000,0x00000000d6000000,0x00000000da000000)
  from space 5120K, 99% used [0x00000000da000000,0x00000000da4fa040,0x00000000da500000)
  to   space 5120K, 0% used [0x00000000da500000,0x00000000da500000,0x00000000daa00000)
 ParOldGen       total 86016K, used 12760K [0x0000000082000000, 0x0000000087400000, 0x00000000d6000000)
  object space 86016K, 14% used [0x0000000082000000,0x0000000082c76108,0x0000000087400000)
 Metaspace       used 20694K, capacity 21140K, committed 21296K, reserved 1069056K
  class space    used 2500K, capacity 2620K, committed 2688K, reserved 1048576K
Event: 3.989 GC heap after
Heap after GC invocations=6 (full 1):
 PSYoungGen      total 70656K, used 0K [0x00000000d6000000, 0x00000000daa00000, 0x0000000100000000)
  eden space 65536K, 0% used [0x00000000d6000000,0x00000000d6000000,0x00000000da000000)
  from space 5120K, 0% used [0x00000000da000000,0x00000000da000000,0x00000000da500000)
  to   space 5120K, 0% used [0x00000000da500000,0x00000000da500000,0x00000000daa00000)
 ParOldGen       total 68096K, used 12214K [0x0000000082000000, 0x0000000086280000, 0x00000000d6000000)
  object space 68096K, 17% used [0x0000000082000000,0x0000000082bedb88,0x0000000086280000)
 Metaspace       used 20694K, capacity 21140K, committed 21296K, reserved 1069056K
  class space    used 2500K, capacity 2620K, committed 2688K, reserved 1048576K
}

