# JRE version: Java(TM) SE Runtime Environment (7.0_80-b15) (build 1.7.0_80-b15)
# Java VM: Java HotSpot(TM) 64-Bit Server VM (24.80-b11 mixed mode windows-amd64 compressed oops)
Heap
 PSYoungGen      total 70656K, used 44275K [0x00000007d6000000, 0x00000007dfd00000, 0x0000000800000000)
  eden space 65536K, 59% used [0x00000007d6000000,0x00000007d863d988,0x00000007da000000)
  from space 5120K, 99% used [0x00000007da000000,0x00000007da4ff330,0x00000007da500000)
  to   space 14848K, 0% used [0x00000007dee80000,0x00000007dee80000,0x00000007dfd00000)
 ParOldGen       total 86016K, used 18443K [0x0000000782000000, 0x0000000787400000, 0x00000007d6000000)
  object space 86016K, 21% used [0x0000000782000000,0x0000000783202e28,0x0000000787400000)
 PSPermGen       total 21504K, used 20985K [0x000000077ce00000, 0x000000077e300000, 0x0000000782000000)
  object space 21504K, 97% used [0x000000077ce00000,0x000000077e27fef0,0x000000077e300000)
GC Heap History (10 events):
Event: 0.664 GC heap before
{Heap before GC invocations=1 (full 0):
 PSYoungGen      total 37888K, used 32768K [0x00000007d6000000, 0x00000007d8a00000, 0x0000000800000000)
  eden space 32768K, 100% used [0x00000007d6000000,0x00000007d8000000,0x00000007d8000000)
  from space 5120K, 0% used [0x00000007d8500000,0x00000007d8500000,0x00000007d8a00000)
  to   space 5120K, 0% used [0x00000007d8000000,0x00000007d8000000,0x00000007d8500000)
 ParOldGen       total 86016K, used 0K [0x0000000782000000, 0x0000000787400000, 0x00000007d6000000)
  object space 86016K, 0% used [0x0000000782000000,0x0000000782000000,0x0000000787400000)
 PSPermGen       total 21504K, used 8291K [0x000000077ce00000, 0x000000077e300000, 0x0000000782000000)
  object space 21504K, 38% used [0x000000077ce00000,0x000000077d618f68,0x000000077e300000)
Event: 0.669 GC heap after
Heap after GC invocations=1 (full 0):
 PSYoungGen      total 37888K, used 5111K [0x00000007d6000000, 0x00000007d8a00000, 0x0000000800000000)
  eden space 32768K, 0% used [0x00000007d6000000,0x00000007d6000000,0x00000007d8000000)
  from space 5120K, 99% used [0x00000007d8000000,0x00000007d84fdcf0,0x00000007d8500000)
  to   space 5120K, 0% used [0x00000007d8500000,0x00000007d8500000,0x00000007d8a00000)
 ParOldGen       total 86016K, used 167K [0x0000000782000000, 0x0000000787400000, 0x00000007d6000000)
  object space 86016K, 0% used [0x0000000782000000,0x0000000782029d28,0x0000000787400000)
 PSPermGen       total 21504K, used 8291K [0x000000077ce00000, 0x000000077e300000, 0x0000000782000000)
  object space 21504K, 38% used [0x000000077ce00000,0x000000077d618f68,0x000000077e300000)
}
Event: 1.056 GC heap before
{Heap before GC invocations=2 (full 0):
 PSYoungGen      total 37888K, used 37879K [0x00000007d6000000, 0x00000007d8a00000, 0x0000000800000000)
  eden space 32768K, 100% used [0x00000007d6000000,0x00000007d8000000,0x00000007d8000000)
  from space 5120K, 99% used [0x00000007d8000000,0x00000007d84fdcf0,0x00000007d8500000)
  to   space 5120K, 0% used [0x00000007d8500000,0x00000007d8500000,0x00000007d8a00000)
 ParOldGen       total 86016K, used 167K [0x0000000782000000, 0x0000000787400000, 0x00000007d6000000)
  object space 86016K, 0% used [0x0000000782000000,0x0000000782029d28,0x0000000787400000)
 PSPermGen       total 21504K, used 12594K [0x000000077ce00000, 0x000000077e300000, 0x0000000782000000)
  object space 21504K, 58% used [0x000000077ce00000,0x000000077da4c8d8,0x000000077e300000)
Event: 1.062 GC heap after
Heap after GC invocations=2 (full 0):
 PSYoungGen      total 37888K, used 5090K [0x00000007d6000000, 0x00000007daa00000, 0x0000000800000000)
  eden space 32768K, 0% used [0x00000007d6000000,0x00000007d6000000,0x00000007d8000000)
  from space 5120K, 99% used [0x00000007d8500000,0x00000007d89f88d8,0x00000007d8a00000)
  to   space 5120K, 0% used [0x00000007d8000000,0x00000007d8000000,0x00000007d8500000)
 ParOldGen       total 86016K, used 2738K [0x0000000782000000, 0x0000000787400000, 0x00000007d6000000)
  object space 86016K, 3% used [0x0000000782000000,0x00000007822aca48,0x0000000787400000)
 PSPermGen       total 21504K, used 12594K [0x000000077ce00000, 0x000000077e300000, 0x0000000782000000)
  object space 21504K, 58% used [0x000000077ce00000,0x000000077da4c8d8,0x000000077e300000)
}
Event: 1.558 GC heap before
{Heap before GC invocations=3 (full 0):
 PSYoungGen      total 37888K, used 37858K [0x00000007d6000000, 0x00000007daa00000, 0x0000000800000000)
  eden space 32768K, 100% used [0x00000007d6000000,0x00000007d8000000,0x00000007d8000000)
  from space 5120K, 99% used [0x00000007d8500000,0x00000007d89f88d8,0x00000007d8a00000)
  to   space 5120K, 0% used [0x00000007d8000000,0x00000007d8000000,0x00000007d8500000)
 ParOldGen       total 86016K, used 2738K [0x0000000782000000, 0x0000000787400000, 0x00000007d6000000)
  object space 86016K, 3% used [0x0000000782000000,0x00000007822aca48,0x0000000787400000)
 PSPermGen       total 21504K, used 15021K [0x000000077ce00000, 0x000000077e300000, 0x0000000782000000)
  object space 21504K, 69% used [0x000000077ce00000,0x000000077dcab510,0x000000077e300000)
Event: 1.566 GC heap after
Heap after GC invocations=3 (full 0):
 PSYoungGen      total 37888K, used 5112K [0x00000007d6000000, 0x00000007daa00000, 0x0000000800000000)
  eden space 32768K, 0% used [0x00000007d6000000,0x00000007d6000000,0x00000007d8000000)
  from space 5120K, 99% used [0x00000007d8000000,0x00000007d84fe030,0x00000007d8500000)
  to   space 5120K, 0% used [0x00000007da500000,0x00000007da500000,0x00000007daa00000)
 ParOldGen       total 86016K, used 5043K [0x0000000782000000, 0x0000000787400000, 0x00000007d6000000)
  object space 86016K, 5% used [0x0000000782000000,0x00000007824ecc80,0x0000000787400000)
 PSPermGen       total 21504K, used 15021K [0x000000077ce00000, 0x000000077e300000, 0x0000000782000000)
  object space 21504K, 69% used [0x000000077ce00000,0x000000077dcab510,0x000000077e300000)
}
Event: 1.894 GC heap before
{Heap before GC invocations=4 (full 0):
 PSYoungGen      total 37888K, used 37880K [0x00000007d6000000, 0x00000007daa00000, 0x0000000800000000)
  eden space 32768K, 100% used [0x00000007d6000000,0x00000007d8000000,0x00000007d8000000)
  from space 5120K, 99% used [0x00000007d8000000,0x00000007d84fe030,0x00000007d8500000)
  to   space 5120K, 0% used [0x00000007da500000,0x00000007da500000,0x00000007daa00000)
 ParOldGen       total 86016K, used 5043K [0x0000000782000000, 0x0000000787400000, 0x00000007d6000000)
  object space 86016K, 5% used [0x0000000782000000,0x00000007824ecc80,0x0000000787400000)
 PSPermGen       total 21504K, used 15539K [0x000000077ce00000, 0x000000077e300000, 0x0000000782000000)
  object space 21504K, 72% used [0x000000077ce00000,0x000000077dd2cca8,0x000000077e300000)
Event: 1.900 GC heap after
Heap after GC invocations=4 (full 0):
 PSYoungGen      total 70656K, used 5112K [0x00000007d6000000, 0x00000007daa00000, 0x0000000800000000)
  eden space 65536K, 0% used [0x00000007d6000000,0x00000007d6000000,0x00000007da000000)
  from space 5120K, 99% used [0x00000007da500000,0x00000007da9fe010,0x00000007daa00000)
  to   space 5120K, 0% used [0x00000007da000000,0x00000007da000000,0x00000007da500000)
 ParOldGen       total 86016K, used 7538K [0x0000000782000000, 0x0000000787400000, 0x00000007d6000000)
  object space 86016K, 8% used [0x0000000782000000,0x000000078275c8e0,0x0000000787400000)
 PSPermGen       total 21504K, used 15539K [0x000000077ce00000, 0x000000077e300000, 0x0000000782000000)
  object space 21504K, 72% used [0x000000077ce00000,0x000000077dd2cca8,0x000000077e300000)
}
Event: 2.542 GC heap before
{Heap before GC invocations=5 (full 0):
 PSYoungGen      total 70656K, used 70648K [0x00000007d6000000, 0x00000007daa00000, 0x0000000800000000)
  eden space 65536K, 100% used [0x00000007d6000000,0x00000007da000000,0x00000007da000000)
  from space 5120K, 99% used [0x00000007da500000,0x00000007da9fe010,0x00000007daa00000)
  to   space 5120K, 0% used [0x00000007da000000,0x00000007da000000,0x00000007da500000)
 ParOldGen       total 86016K, used 7538K [0x0000000782000000, 0x0000000787400000, 0x00000007d6000000)
  object space 86016K, 8% used [0x0000000782000000,0x000000078275c8e0,0x0000000787400000)
 PSPermGen       total 21504K, used 19784K [0x000000077ce00000, 0x000000077e300000, 0x0000000782000000)
  object space 21504K, 92% used [0x000000077ce00000,0x000000077e1523e0,0x000000077e300000)
Event: 2.555 GC heap after
Heap after GC invocations=5 (full 0):
 PSYoungGen      total 70656K, used 5116K [0x00000007d6000000, 0x00000007dfd00000, 0x0000000800000000)
  eden space 65536K, 0% used [0x00000007d6000000,0x00000007d6000000,0x00000007da000000)
  from space 5120K, 99% used [0x00000007da000000,0x00000007da4ff330,0x00000007da500000)
  to   space 14848K, 0% used [0x00000007dee80000,0x00000007dee80000,0x00000007dfd00000)
 ParOldGen       total 86016K, used 18443K [0x0000000782000000, 0x0000000787400000, 0x00000007d6000000)
  object space 86016K, 21% used [0x0000000782000000,0x0000000783202e28,0x0000000787400000)
 PSPermGen       total 21504K, used 19784K [0x000000077ce00000, 0x000000077e300000, 0x0000000782000000)
  object space 21504K, 92% used [0x000000077ce00000,0x000000077e1523e0,0x000000077e300000)
}

