# JRE version: Java(TM) SE Runtime Environment (7.0_80-b15) (build 1.7.0_80-b15)
# Java VM: Java HotSpot(TM) 64-Bit Server VM (24.80-b11 mixed mode windows-amd64 compressed oops)
Heap
 PSYoungGen      total 136192K, used 49034K [0x00000007d6000000, 0x00000007dea00000, 0x0000000800000000)
  eden space 131072K, 37% used [0x00000007d6000000,0x00000007d8fe2b70,0x00000007de000000)
  from space 5120K, 0% used [0x00000007de500000,0x00000007de500000,0x00000007dea00000)
  to   space 5120K, 0% used [0x00000007de000000,0x00000007de000000,0x00000007de500000)
 ParOldGen       total 86016K, used 40312K [0x0000000782000000, 0x0000000787400000, 0x00000007d6000000)
  object space 86016K, 46% used [0x0000000782000000,0x000000078475e138,0x0000000787400000)
 PSPermGen       total 53248K, used 33113K [0x000000077ce00000, 0x0000000780200000, 0x0000000782000000)
  object space 53248K, 62% used [0x000000077ce00000,0x000000077ee56840,0x0000000780200000)
GC Heap History (10 events):
Event: 6.589 GC heap before
{Heap before GC invocations=11 (full 3):
 PSYoungGen      total 136192K, used 5091K [0x00000007d6000000, 0x00000007dea00000, 0x0000000800000000)
  eden space 131072K, 0% used [0x00000007d6000000,0x00000007d6000000,0x00000007de000000)
  from space 5120K, 99% used [0x00000007de500000,0x00000007de9f8c98,0x00000007dea00000)
  to   space 5120K, 0% used [0x00000007de000000,0x00000007de000000,0x00000007de500000)
 ParOldGen       total 86016K, used 68123K [0x0000000782000000, 0x0000000787400000, 0x00000007d6000000)
  object space 86016K, 79% used [0x0000000782000000,0x0000000786286db8,0x0000000787400000)
 PSPermGen       total 27136K, used 26625K [0x000000077ce00000, 0x000000077e880000, 0x0000000782000000)
  object space 27136K, 98% used [0x000000077ce00000,0x000000077e800648,0x000000077e880000)
Event: 6.710 GC heap after
Heap after GC invocations=11 (full 3):
 PSYoungGen      total 136192K, used 0K [0x00000007d6000000, 0x00000007dea00000, 0x0000000800000000)
  eden space 131072K, 0% used [0x00000007d6000000,0x00000007d6000000,0x00000007de000000)
  from space 5120K, 0% used [0x00000007de500000,0x00000007de500000,0x00000007dea00000)
  to   space 5120K, 0% used [0x00000007de000000,0x00000007de000000,0x00000007de500000)
 ParOldGen       total 86016K, used 45949K [0x0000000782000000, 0x0000000787400000, 0x00000007d6000000)
  object space 86016K, 53% used [0x0000000782000000,0x0000000784cdf4b8,0x0000000787400000)
 PSPermGen       total 27136K, used 26625K [0x000000077ce00000, 0x000000077e880000, 0x0000000782000000)
  object space 27136K, 98% used [0x000000077ce00000,0x000000077e800648,0x000000077e880000)
}
Event: 7.040 GC heap before
{Heap before GC invocations=12 (full 3):
 PSYoungGen      total 136192K, used 131072K [0x00000007d6000000, 0x00000007dea00000, 0x0000000800000000)
  eden space 131072K, 100% used [0x00000007d6000000,0x00000007de000000,0x00000007de000000)
  from space 5120K, 0% used [0x00000007de500000,0x00000007de500000,0x00000007dea00000)
  to   space 5120K, 0% used [0x00000007de000000,0x00000007de000000,0x00000007de500000)
 ParOldGen       total 86016K, used 45949K [0x0000000782000000, 0x0000000787400000, 0x00000007d6000000)
  object space 86016K, 53% used [0x0000000782000000,0x0000000784cdf4b8,0x0000000787400000)
 PSPermGen       total 27136K, used 26631K [0x000000077ce00000, 0x000000077e880000, 0x0000000782000000)
  object space 27136K, 98% used [0x000000077ce00000,0x000000077e801fd0,0x000000077e880000)
Event: 7.052 GC heap after
Heap after GC invocations=12 (full 3):
 PSYoungGen      total 136192K, used 5120K [0x00000007d6000000, 0x00000007dea00000, 0x0000000800000000)
  eden space 131072K, 0% used [0x00000007d6000000,0x00000007d6000000,0x00000007de000000)
  from space 5120K, 100% used [0x00000007de000000,0x00000007de500000,0x00000007de500000)
  to   space 5120K, 0% used [0x00000007de500000,0x00000007de500000,0x00000007dea00000)
 ParOldGen       total 86016K, used 67382K [0x0000000782000000, 0x0000000787400000, 0x00000007d6000000)
  object space 86016K, 78% used [0x0000000782000000,0x00000007861cdb40,0x0000000787400000)
 PSPermGen       total 27136K, used 26631K [0x000000077ce00000, 0x000000077e880000, 0x0000000782000000)
  object space 27136K, 98% used [0x000000077ce00000,0x000000077e801fd0,0x000000077e880000)
}
Event: 7.052 GC heap before
{Heap before GC invocations=13 (full 4):
 PSYoungGen      total 136192K, used 5120K [0x00000007d6000000, 0x00000007dea00000, 0x0000000800000000)
  eden space 131072K, 0% used [0x00000007d6000000,0x00000007d6000000,0x00000007de000000)
  from space 5120K, 100% used [0x00000007de000000,0x00000007de500000,0x00000007de500000)
  to   space 5120K, 0% used [0x00000007de500000,0x00000007de500000,0x00000007dea00000)
 ParOldGen       total 86016K, used 67382K [0x0000000782000000, 0x0000000787400000, 0x00000007d6000000)
  object space 86016K, 78% used [0x0000000782000000,0x00000007861cdb40,0x0000000787400000)
 PSPermGen       total 27136K, used 26631K [0x000000077ce00000, 0x000000077e880000, 0x0000000782000000)
  object space 27136K, 98% used [0x000000077ce00000,0x000000077e801fd0,0x000000077e880000)
Event: 7.097 GC heap after
Heap after GC invocations=13 (full 4):
 PSYoungGen      total 136192K, used 0K [0x00000007d6000000, 0x00000007dea00000, 0x0000000800000000)
  eden space 131072K, 0% used [0x00000007d6000000,0x00000007d6000000,0x00000007de000000)
  from space 5120K, 0% used [0x00000007de000000,0x00000007de000000,0x00000007de500000)
  to   space 5120K, 0% used [0x00000007de500000,0x00000007de500000,0x00000007dea00000)
 ParOldGen       total 86016K, used 47158K [0x0000000782000000, 0x0000000787400000, 0x00000007d6000000)
  object space 86016K, 54% used [0x0000000782000000,0x0000000784e0da78,0x0000000787400000)
 PSPermGen       total 27136K, used 26631K [0x000000077ce00000, 0x000000077e880000, 0x0000000782000000)
  object space 27136K, 98% used [0x000000077ce00000,0x000000077e801fd0,0x000000077e880000)
}
Event: 7.503 GC heap before
{Heap before GC invocations=14 (full 4):
 PSYoungGen      total 136192K, used 131072K [0x00000007d6000000, 0x00000007dea00000, 0x0000000800000000)
  eden space 131072K, 100% used [0x00000007d6000000,0x00000007de000000,0x00000007de000000)
  from space 5120K, 0% used [0x00000007de000000,0x00000007de000000,0x00000007de500000)
  to   space 5120K, 0% used [0x00000007de500000,0x00000007de500000,0x00000007dea00000)
 ParOldGen       total 86016K, used 47158K [0x0000000782000000, 0x0000000787400000, 0x00000007d6000000)
  object space 86016K, 54% used [0x0000000782000000,0x0000000784e0da78,0x0000000787400000)
 PSPermGen       total 27648K, used 27245K [0x000000077ce00000, 0x000000077e900000, 0x0000000782000000)
  object space 27648K, 98% used [0x000000077ce00000,0x000000077e89b608,0x000000077e900000)
Event: 7.512 GC heap after
Heap after GC invocations=14 (full 4):
 PSYoungGen      total 136192K, used 5113K [0x00000007d6000000, 0x00000007dea00000, 0x0000000800000000)
  eden space 131072K, 0% used [0x00000007d6000000,0x00000007d6000000,0x00000007de000000)
  from space 5120K, 99% used [0x00000007de500000,0x00000007de9fe7a8,0x00000007dea00000)
  to   space 5120K, 0% used [0x00000007de000000,0x00000007de000000,0x00000007de500000)
 ParOldGen       total 86016K, used 65533K [0x0000000782000000, 0x0000000787400000, 0x00000007d6000000)
  object space 86016K, 76% used [0x0000000782000000,0x0000000785fff7a0,0x0000000787400000)
 PSPermGen       total 27648K, used 27245K [0x000000077ce00000, 0x000000077e900000, 0x0000000782000000)
  object space 27648K, 98% used [0x000000077ce00000,0x000000077e89b608,0x000000077e900000)
}
Event: 7.512 GC heap before
{Heap before GC invocations=15 (full 5):
 PSYoungGen      total 136192K, used 5113K [0x00000007d6000000, 0x00000007dea00000, 0x0000000800000000)
  eden space 131072K, 0% used [0x00000007d6000000,0x00000007d6000000,0x00000007de000000)
  from space 5120K, 99% used [0x00000007de500000,0x00000007de9fe7a8,0x00000007dea00000)
  to   space 5120K, 0% used [0x00000007de000000,0x00000007de000000,0x00000007de500000)
 ParOldGen       total 86016K, used 65533K [0x0000000782000000, 0x0000000787400000, 0x00000007d6000000)
  object space 86016K, 76% used [0x0000000782000000,0x0000000785fff7a0,0x0000000787400000)
 PSPermGen       total 27648K, used 27245K [0x000000077ce00000, 0x000000077e900000, 0x0000000782000000)
  object space 27648K, 98% used [0x000000077ce00000,0x000000077e89b608,0x000000077e900000)
Event: 7.576 GC heap after
Heap after GC invocations=15 (full 5):
 PSYoungGen      total 136192K, used 0K [0x00000007d6000000, 0x00000007dea00000, 0x0000000800000000)
  eden space 131072K, 0% used [0x00000007d6000000,0x00000007d6000000,0x00000007de000000)
  from space 5120K, 0% used [0x00000007de500000,0x00000007de500000,0x00000007dea00000)
  to   space 5120K, 0% used [0x00000007de000000,0x00000007de000000,0x00000007de500000)
 ParOldGen       total 86016K, used 40312K [0x0000000782000000, 0x0000000787400000, 0x00000007d6000000)
  object space 86016K, 46% used [0x0000000782000000,0x000000078475e138,0x0000000787400000)
 PSPermGen       total 53248K, used 27245K [0x000000077ce00000, 0x0000000780200000, 0x0000000782000000)
  object space 53248K, 51% used [0x000000077ce00000,0x000000077e89b4e8,0x0000000780200000)
}

