# JRE version: Java(TM) SE Runtime Environment (8.0_131-b11) (build 1.8.0_131-b11)
# Java VM: Java HotSpot(TM) 64-Bit Server VM (25.131-b11 mixed mode windows-amd64 compressed oops)
Heap:
 PSYoungGen      total 102400K, used 41843K [0x00000000d6000000, 0x00000000df500000, 0x0000000100000000)
  eden space 91648K, 33% used [0x00000000d6000000,0x00000000d7e5da48,0x00000000db980000)
  from space 10752K, 99% used [0x00000000dea80000,0x00000000df4ff2a8,0x00000000df500000)
  to   space 12800K, 0% used [0x00000000ddc00000,0x00000000ddc00000,0x00000000de880000)
 ParOldGen       total 69120K, used 13798K [0x0000000082000000, 0x0000000086380000, 0x00000000d6000000)
  object space 69120K, 19% used [0x0000000082000000,0x0000000082d799a0,0x0000000086380000)
 Metaspace       used 28525K, capacity 29146K, committed 29184K, reserved 1075200K
  class space    used 3371K, capacity 3558K, committed 3584K, reserved 1048576K
GC Heap History (10 events):
Event: 1.588 GC heap before
{Heap before GC invocations=3 (full 0):
 PSYoungGen      total 37888K, used 37885K [0x00000000d6000000, 0x00000000daa00000, 0x0000000100000000)
  eden space 32768K, 100% used [0x00000000d6000000,0x00000000d8000000,0x00000000d8000000)
  from space 5120K, 99% used [0x00000000d8500000,0x00000000d89ff650,0x00000000d8a00000)
  to   space 5120K, 0% used [0x00000000d8000000,0x00000000d8000000,0x00000000d8500000)
 ParOldGen       total 86016K, used 3184K [0x0000000082000000, 0x0000000087400000, 0x00000000d6000000)
  object space 86016K, 3% used [0x0000000082000000,0x000000008231c240,0x0000000087400000)
 Metaspace       used 15181K, capacity 15424K, committed 15616K, reserved 1062912K
  class space    used 1844K, capacity 1946K, committed 2048K, reserved 1048576K
Event: 1.594 GC heap after
Heap after GC invocations=3 (full 0):
 PSYoungGen      total 37888K, used 5112K [0x00000000d6000000, 0x00000000daa00000, 0x0000000100000000)
  eden space 32768K, 0% used [0x00000000d6000000,0x00000000d6000000,0x00000000d8000000)
  from space 5120K, 99% used [0x00000000d8000000,0x00000000d84fe030,0x00000000d8500000)
  to   space 5120K, 0% used [0x00000000da500000,0x00000000da500000,0x00000000daa00000)
 ParOldGen       total 86016K, used 5737K [0x0000000082000000, 0x0000000087400000, 0x00000000d6000000)
  object space 86016K, 6% used [0x0000000082000000,0x000000008259a518,0x0000000087400000)
 Metaspace       used 15181K, capacity 15424K, committed 15616K, reserved 1062912K
  class space    used 1844K, capacity 1946K, committed 2048K, reserved 1048576K
}
Event: 2.103 GC heap before
{Heap before GC invocations=4 (full 0):
 PSYoungGen      total 37888K, used 37880K [0x00000000d6000000, 0x00000000daa00000, 0x0000000100000000)
  eden space 32768K, 100% used [0x00000000d6000000,0x00000000d8000000,0x00000000d8000000)
  from space 5120K, 99% used [0x00000000d8000000,0x00000000d84fe030,0x00000000d8500000)
  to   space 5120K, 0% used [0x00000000da500000,0x00000000da500000,0x00000000daa00000)
 ParOldGen       total 86016K, used 5737K [0x0000000082000000, 0x0000000087400000, 0x00000000d6000000)
  object space 86016K, 6% used [0x0000000082000000,0x000000008259a518,0x0000000087400000)
 Metaspace       used 15929K, capacity 16318K, committed 16640K, reserved 1064960K
  class space    used 1915K, capacity 1987K, committed 2048K, reserved 1048576K
Event: 2.111 GC heap after
Heap after GC invocations=4 (full 0):
 PSYoungGen      total 70656K, used 5096K [0x00000000d6000000, 0x00000000daa00000, 0x0000000100000000)
  eden space 65536K, 0% used [0x00000000d6000000,0x00000000d6000000,0x00000000da000000)
  from space 5120K, 99% used [0x00000000da500000,0x00000000da9fa040,0x00000000daa00000)
  to   space 5120K, 0% used [0x00000000da000000,0x00000000da000000,0x00000000da500000)
 ParOldGen       total 86016K, used 7881K [0x0000000082000000, 0x0000000087400000, 0x00000000d6000000)
  object space 86016K, 9% used [0x0000000082000000,0x00000000827b26c0,0x0000000087400000)
 Metaspace       used 15929K, capacity 16318K, committed 16640K, reserved 1064960K
  class space    used 1915K, capacity 1987K, committed 2048K, reserved 1048576K
}
Event: 3.101 GC heap before
{Heap before GC invocations=5 (full 0):
 PSYoungGen      total 70656K, used 59875K [0x00000000d6000000, 0x00000000daa00000, 0x0000000100000000)
  eden space 65536K, 83% used [0x00000000d6000000,0x00000000d957ee30,0x00000000da000000)
  from space 5120K, 99% used [0x00000000da500000,0x00000000da9fa040,0x00000000daa00000)
  to   space 5120K, 0% used [0x00000000da000000,0x00000000da000000,0x00000000da500000)
 ParOldGen       total 86016K, used 7881K [0x0000000082000000, 0x0000000087400000, 0x00000000d6000000)
  object space 86016K, 9% used [0x0000000082000000,0x00000000827b26c0,0x0000000087400000)
 Metaspace       used 20689K, capacity 21152K, committed 21296K, reserved 1069056K
  class space    used 2494K, capacity 2620K, committed 2688K, reserved 1048576K
Event: 3.112 GC heap after
Heap after GC invocations=5 (full 0):
 PSYoungGen      total 70656K, used 5112K [0x00000000d6000000, 0x00000000df500000, 0x0000000100000000)
  eden space 65536K, 0% used [0x00000000d6000000,0x00000000d6000000,0x00000000da000000)
  from space 5120K, 99% used [0x00000000da000000,0x00000000da4fe040,0x00000000da500000)
  to   space 10752K, 0% used [0x00000000dea80000,0x00000000dea80000,0x00000000df500000)
 ParOldGen       total 86016K, used 12798K [0x0000000082000000, 0x0000000087400000, 0x00000000d6000000)
  object space 86016K, 14% used [0x0000000082000000,0x0000000082c7fa30,0x0000000087400000)
 Metaspace       used 20689K, capacity 21152K, committed 21296K, reserved 1069056K
  class space    used 2494K, capacity 2620K, committed 2688K, reserved 1048576K
}
Event: 3.112 GC heap before
{Heap before GC invocations=6 (full 1):
 PSYoungGen      total 70656K, used 5112K [0x00000000d6000000, 0x00000000df500000, 0x0000000100000000)
  eden space 65536K, 0% used [0x00000000d6000000,0x00000000d6000000,0x00000000da000000)
  from space 5120K, 99% used [0x00000000da000000,0x00000000da4fe040,0x00000000da500000)
  to   space 10752K, 0% used [0x00000000dea80000,0x00000000dea80000,0x00000000df500000)
 ParOldGen       total 86016K, used 12798K [0x0000000082000000, 0x0000000087400000, 0x00000000d6000000)
  object space 86016K, 14% used [0x0000000082000000,0x0000000082c7fa30,0x0000000087400000)
 Metaspace       used 20689K, capacity 21152K, committed 21296K, reserved 1069056K
  class space    used 2494K, capacity 2620K, committed 2688K, reserved 1048576K
Event: 3.158 GC heap after
Heap after GC invocations=6 (full 1):
 PSYoungGen      total 70656K, used 0K [0x00000000d6000000, 0x00000000df500000, 0x0000000100000000)
  eden space 65536K, 0% used [0x00000000d6000000,0x00000000d6000000,0x00000000da000000)
  from space 5120K, 0% used [0x00000000da000000,0x00000000da000000,0x00000000da500000)
  to   space 10752K, 0% used [0x00000000dea80000,0x00000000dea80000,0x00000000df500000)
 ParOldGen       total 69120K, used 12247K [0x0000000082000000, 0x0000000086380000, 0x00000000d6000000)
  object space 69120K, 17% used [0x0000000082000000,0x0000000082bf5c00,0x0000000086380000)
 Metaspace       used 20689K, capacity 21152K, committed 21296K, reserved 1069056K
  class space    used 2494K, capacity 2620K, committed 2688K, reserved 1048576K
}
Event: 6.002 GC heap before
{Heap before GC invocations=7 (full 1):
 PSYoungGen      total 70656K, used 65536K [0x00000000d6000000, 0x00000000df500000, 0x0000000100000000)
  eden space 65536K, 100% used [0x00000000d6000000,0x00000000da000000,0x00000000da000000)
  from space 5120K, 0% used [0x00000000da000000,0x00000000da000000,0x00000000da500000)
  to   space 10752K, 0% used [0x00000000dea80000,0x00000000dea80000,0x00000000df500000)
 ParOldGen       total 69120K, used 12247K [0x0000000082000000, 0x0000000086380000, 0x00000000d6000000)
  object space 69120K, 17% used [0x0000000082000000,0x0000000082bf5c00,0x0000000086380000)
 Metaspace       used 24452K, capacity 25046K, committed 25216K, reserved 1071104K
  class space    used 2918K, capacity 3087K, committed 3200K, reserved 1048576K
Event: 6.009 GC heap after
Heap after GC invocations=7 (full 1):
 PSYoungGen      total 102400K, used 10748K [0x00000000d6000000, 0x00000000df500000, 0x0000000100000000)
  eden space 91648K, 0% used [0x00000000d6000000,0x00000000d6000000,0x00000000db980000)
  from space 10752K, 99% used [0x00000000dea80000,0x00000000df4ff2a8,0x00000000df500000)
  to   space 12800K, 0% used [0x00000000ddc00000,0x00000000ddc00000,0x00000000de880000)
 ParOldGen       total 69120K, used 13798K [0x0000000082000000, 0x0000000086380000, 0x00000000d6000000)
  object space 69120K, 19% used [0x0000000082000000,0x0000000082d799a0,0x0000000086380000)
 Metaspace       used 24452K, capacity 25046K, committed 25216K, reserved 1071104K
  class space    used 2918K, capacity 3087K, committed 3200K, reserved 1048576K
}

